Unity Editor version:    6000.2.5f1 (43d04cd1df69)
Branch:                  6000.2/staging
Build type:              Release
Batch mode:              YES
System name:             Linux
Distro version:          #1 SMP PREEMPT_DYNAMIC Fri, 13 Mar 2026 18:47:31 +0000
Kernel version:          6.12.77-1-MANJARO
Architecture:            x86_64
Available memory:        31451 MB
Date:                    2026-05-08T14:31:55Z
[Licensing::Module] Trying to connect to existing licensing client channel...
[Licensing::IpcConnector] Successfully connected to: "LicenseClient-rob" at "2026-05-08T14:31:55.193433Z"
[SignatureVerifier] Application signature verification not supported on this platform.
[Licensing::Client] Handshaking with LicensingClient:
  Version:                 1.17.4+4293ba1
  Session Id:              3a9e5089ba9242faa9a87bec227e1442
  Correlation Id:          999ee35adc98f077484cf541070ae668
  External correlation Id: 5660720371087867373
  Machine Id:              Zkygl3yxU1pAziy40zPDnRx5sRM=
[Licensing::Module] Successfully connected to LicensingClient on channel: "LicenseClient-rob" (connect: 0.00s, validation: 0.00s, handshake: 0.00s)
[Licensing::IpcConnector] Successfully connected to: "LicenseClient-rob-notifications" at "2026-05-08T14:31:55.194731Z"
[Licensing::Module] Licensing Background thread has ended after 0.00s
Selected window backend: (null) 
Gtk-Message: 15:31:55.219: Failed to load module "xapp-gtk3-module"
Gtk-Message: 15:31:55.219: Failed to load module "canberra-gtk-module"
Desktop is 5040 x 2160 @ 60 Hz
Initialize udev device monitor.

COMMAND LINE ARGUMENTS:
Unity
-adb2
-batchMode
-noUpm
-name
AssetImportWorker4
-projectPath
/home/rob/pith/current-projects/Etiquette/Unity Project/etiquette/etiquette-main
-logFile
Logs/AssetImportWorker4.log
-srvPort
45371
-licensingIpc
LicenseClient-rob
-job-worker-count
10
-background-job-worker-count
8
-gc-helper-count
1
Successfully changed project path to: /home/rob/pith/current-projects/Etiquette/Unity Project/etiquette/etiquette-main

(Unity:24137): Gtk-CRITICAL **: 15:31:55.373: gtk_label_set_text: assertion 'GTK_IS_LABEL (label)' failed

(Unity:24137): Gtk-CRITICAL **: 15:31:55.375: gtk_label_set_text: assertion 'GTK_IS_LABEL (label)' failed
/home/rob/pith/current-projects/Etiquette/Unity Project/etiquette/etiquette-main
[UnityMemory] Configuration Parameters - Can be set up in boot.config
    "memorysetup-allocator-temp-initial-block-size-main=262144"
    "memorysetup-allocator-temp-initial-block-size-worker=262144"
    "memorysetup-bucket-allocator-granularity=16"
    "memorysetup-bucket-allocator-bucket-count=8"
    "memorysetup-bucket-allocator-block-size=33554432"
    "memorysetup-bucket-allocator-block-count=8"
    "memorysetup-main-allocator-block-size=16777216"
    "memorysetup-thread-allocator-block-size=16777216"
    "memorysetup-gfx-main-allocator-block-size=16777216"
    "memorysetup-gfx-thread-allocator-block-size=16777216"
    "memorysetup-cache-allocator-block-size=4194304"
    "memorysetup-typetree-allocator-block-size=2097152"
    "memorysetup-profiler-bucket-allocator-granularity=16"
    "memorysetup-profiler-bucket-allocator-bucket-count=8"
    "memorysetup-profiler-bucket-allocator-block-size=33554432"
    "memorysetup-profiler-bucket-allocator-block-count=8"
    "memorysetup-profiler-allocator-block-size=16777216"
    "memorysetup-profiler-editor-allocator-block-size=1048576"
    "memorysetup-temp-allocator-size-main=16777216"
    "memorysetup-job-temp-allocator-block-size=2097152"
    "memorysetup-job-temp-allocator-block-size-background=1048576"
    "memorysetup-job-temp-allocator-reduction-small-platforms=262144"
    "memorysetup-temp-allocator-size-background-worker=32768"
    "memorysetup-temp-allocator-size-job-worker=262144"
    "memorysetup-temp-allocator-size-preload-manager=33554432"
    "memorysetup-temp-allocator-size-nav-mesh-worker=65536"
    "memorysetup-temp-allocator-size-audio-worker=65536"
    "memorysetup-temp-allocator-size-cloud-worker=32768"
    "memorysetup-temp-allocator-size-gi-baking-worker=262144"
    "memorysetup-temp-allocator-size-gi-baking-worker=262144"
    "memorysetup-temp-allocator-size-gi-baking-worker=262144"
    "memorysetup-temp-allocator-size-gi-baking-worker=262144"
    "memorysetup-temp-allocator-size-gi-baking-worker=262144"
    "memorysetup-temp-allocator-size-gfx=262144"
Player connection [140278761916992]  Target information:

Player connection [140278761916992]  * "[IP] 192.168.1.202 [Port] 0 [Flags] 2 [Guid] 488633318 [EditorId] 488633318 [Version] 1048832 [Id] LinuxEditor(16,192.168.1.243) [Debug] 1 [PackageName] LinuxEditor [ProjectName] Editor" 

Player connection [140278761916992]  * "[IP] 172.18.0.1 [Port] 0 [Flags] 2 [Guid] 488633318 [EditorId] 488633318 [Version] 1048832 [Id] LinuxEditor(16,192.168.1.243) [Debug] 1 [PackageName] LinuxEditor [ProjectName] Editor" 

Player connection [140278761916992]  * "[IP] 172.17.0.1 [Port] 0 [Flags] 2 [Guid] 488633318 [EditorId] 488633318 [Version] 1048832 [Id] LinuxEditor(16,192.168.1.243) [Debug] 1 [PackageName] LinuxEditor [ProjectName] Editor" 

Player connection [140278761916992]  * "[IP] 192.168.1.243 [Port] 0 [Flags] 2 [Guid] 488633318 [EditorId] 488633318 [Version] 1048832 [Id] LinuxEditor(16,192.168.1.243) [Debug] 1 [PackageName] LinuxEditor [ProjectName] Editor" 

Player connection [140278761916992] Host joined multi-casting on [225.0.0.222:54997]...
Player connection [140278761916992] Host joined alternative multi-casting on [225.0.0.222:34997]...
JobSystem: Creating JobQueue using job-worker-count value 10
Input System module state changed to: Initialized.
[Physics::Module] Initialized fallback backend.
[Physics::Module] Id: 0xdecafbad
Library Redirect Path: Library/
[Physics::Module] Selected backend.
[Physics::Module] Name: PhysX
[Physics::Module] Id: 0xf2b8ea05
[Physics::Module] SDK Version: 4.1.2
[Physics::Module] Integration Version: 1.0.0
[Physics::Module] Threading Mode: Multi-Threaded
Refreshing native plugins compatible for Editor in 1.08 ms, found 0 plugins.
Preloading 0 native plugins for Editor in 0.00 ms.
Initialize engine version: 6000.2.5f1 (43d04cd1df69)
[Subsystems] Discovering subsystems at path /home/rob/programs/Unity/Hub/Editor/6000.2.5f1/Editor/Data/Resources/UnitySubsystems
[Subsystems] Discovering subsystems at path /home/rob/pith/current-projects/Etiquette/Unity Project/etiquette/etiquette-main/Assets
kGfxThreadingModeNonThreaded is not supported on OpenGL Core. Reverting to kGfxThreadingModeDirect instead.
GfxDevice: creating device client; kGfxThreadingModeDirect
GLX Extensions: GLX_ARB_context_flush_control GLX_ARB_create_context GLX_ARB_create_context_no_error GLX_ARB_create_context_profile GLX_ARB_create_context_robustness GLX_ARB_fbconfig_float GLX_ARB_framebuffer_sRGB GLX_ARB_get_proc_address GLX_ARB_multisample GLX_EXT_buffer_age GLX_EXT_create_context_es2_profile GLX_EXT_create_context_es_profile GLX_EXT_fbconfig_packed_float GLX_EXT_framebuffer_sRGB GLX_EXT_no_config_context GLX_EXT_swap_control GLX_EXT_swap_control_tear GLX_EXT_texture_from_pixmap GLX_EXT_visual_info GLX_EXT_visual_rating GLX_INTEL_swap_event GLX_MESA_copy_sub_buffer GLX_MESA_gl_interop GLX_MESA_query_renderer GLX_MESA_swap_control GLX_OML_sync_control GLX_SGIS_multisample GLX_SGIX_fbconfig GLX_SGIX_pbuffer GLX_SGIX_visual_select_group GLX_SGI_make_current_read GLX_SGI_swap_control GLX_SGI_video_sync 
Renderer: Mesa Intel(R) Arc(tm) Graphics (MTL)
Vendor:   Intel
Version:  4.6 (Core Profile) Mesa 26.0.4 (git-d9e5e36b19)
GLES:     0
 GL_AMD_conservative_depth GL_AMD_depth_clamp_separate GL_AMD_draw_buffers_blend GL_AMD_gpu_shader_int64 GL_AMD_multi_draw_indirect GL_AMD_performance_monitor GL_AMD_query_buffer_object GL_AMD_seamless_cubemap_per_texture GL_AMD_shader_stencil_export GL_AMD_shader_trinary_minmax GL_AMD_texture_texture4 GL_AMD_vertex_shader_layer GL_AMD_vertex_shader_viewport_index GL_ANGLE_texture_compression_dxt3 GL_ANGLE_texture_compression_dxt5 GL_ARB_ES2_compatibility GL_ARB_ES3_1_compatibility GL_ARB_ES3_2_compatibility GL_ARB_ES3_compatibility GL_ARB_arrays_of_arrays GL_ARB_base_instance GL_ARB_blend_func_extended GL_ARB_buffer_storage GL_ARB_clear_buffer_object GL_ARB_clear_texture GL_ARB_clip_control GL_ARB_compressed_texture_pixel_storage GL_ARB_compute_shader GL_ARB_compute_variable_group_size GL_ARB_conditional_render_inverted GL_ARB_conservative_depth GL_ARB_copy_buffer GL_ARB_copy_image GL_ARB_cull_distance GL_ARB_debug_output GL_ARB_depth_buffer_float GL_ARB_depth_clamp GL_ARB_derivative_control GL_ARB_direct_s
tate_access GL_ARB_draw_buffers GL_ARB_draw_buffers_blend GL_ARB_draw_elements_base_vertex GL_ARB_draw_indirect GL_ARB_draw_instanced GL_ARB_enhanced_layouts GL_ARB_explicit_attrib_location GL_ARB_explicit_uniform_location GL_ARB_fragment_coord_conventions GL_ARB_fragment_layer_viewport GL_ARB_fragment_shader GL_ARB_fragment_shader_interlock GL_ARB_framebuffer_no_attachments GL_ARB_framebuffer_object GL_ARB_framebuffer_sRGB GL_ARB_get_program_binary GL_ARB_get_texture_sub_image GL_ARB_gl_spirv GL_ARB_gpu_shader5 GL_ARB_gpu_shader_fp64 GL_ARB_gpu_shader_int64 GL_ARB_half_float_pixel GL_ARB_half_float_vertex GL_ARB_indirect_parameters GL_ARB_instanced_arrays GL_ARB_internalformat_query GL_ARB_internalformat_query2 GL_ARB_invalidate_subdata GL_ARB_map_buffer_alignment GL_ARB_map_buffer_range GL_ARB_multi_bind GL_ARB_multi_draw_indirect GL_ARB_occlusion_query2 GL_ARB_parallel_shader_compile GL_ARB_pipeline_statistics_query GL_ARB_pixel_buffer_object GL_ARB_point_sprite GL_ARB_polygon_offset_clamp GL_ARB_post_dep
th_coverage GL_ARB_program_interface_query GL_ARB_provoking_vertex GL_ARB_query_buffer_object GL_ARB_robust_buffer_access_behavior GL_ARB_robustness GL_ARB_sample_shading GL_ARB_sampler_objects GL_ARB_seamless_cube_map GL_ARB_seamless_cubemap_per_texture GL_ARB_separate_shader_objects GL_ARB_shader_atomic_counter_ops GL_ARB_shader_atomic_counters GL_ARB_shader_ballot GL_ARB_shader_bit_encoding GL_ARB_shader_clock GL_ARB_shader_draw_parameters GL_ARB_shader_group_vote GL_ARB_shader_image_load_store GL_ARB_shader_image_size GL_ARB_shader_objects GL_ARB_shader_precision GL_ARB_shader_stencil_export GL_ARB_shader_storage_buffer_object GL_ARB_shader_subroutine GL_ARB_shader_texture_image_samples GL_ARB_shader_texture_lod GL_ARB_shader_viewport_layer_array GL_ARB_shading_language_420pack GL_ARB_shading_language_include GL_ARB_shading_language_packing GL_ARB_spirv_extensions GL_ARB_stencil_texturing GL_ARB_sync GL_ARB_tessellation_shader GL_ARB_texture_barrier GL_ARB_texture_border_clamp GL_ARB_texture_buffer_objec
t GL_ARB_texture_buffer_object_rgb32 GL_ARB_texture_buffer_range GL_ARB_texture_compression_bptc GL_ARB_texture_compression_rgtc GL_ARB_texture_cube_map_array GL_ARB_texture_filter_anisotropic GL_ARB_texture_filter_minmax GL_ARB_texture_float GL_ARB_texture_gather GL_ARB_texture_mirror_clamp_to_edge GL_ARB_texture_multisample GL_ARB_texture_non_power_of_two GL_ARB_texture_query_levels GL_ARB_texture_query_lod GL_ARB_texture_rectangle GL_ARB_texture_rg GL_ARB_texture_rgb10_a2ui GL_ARB_texture_stencil8 GL_ARB_texture_storage GL_ARB_texture_storage_multisample GL_ARB_texture_swizzle GL_ARB_texture_view GL_ARB_timer_query GL_ARB_transform_feedback2 GL_ARB_transform_feedback3 GL_ARB_transform_feedback_instanced GL_ARB_transform_feedback_overflow_query GL_ARB_uniform_buffer_object GL_ARB_vertex_array_bgra GL_ARB_vertex_array_object GL_ARB_vertex_attrib_64bit GL_ARB_vertex_attrib_binding GL_ARB_vertex_buffer_object GL_ARB_vertex_shader GL_ARB_vertex_type_10f_11f_11f_rev GL_ARB_vertex_type_2_10_10_10_rev GL_ARB_view
port_array GL_ATI_blend_equation_separate GL_ATI_texture_float GL_EXT_EGL_image_storage GL_EXT_EGL_image_storage_compression GL_EXT_EGL_sync GL_EXT_abgr GL_EXT_blend_equation_separate GL_EXT_debug_label GL_EXT_demote_to_helper_invocation GL_EXT_depth_bounds_test GL_EXT_draw_buffers2 GL_EXT_draw_instanced GL_EXT_framebuffer_blit GL_EXT_framebuffer_multisample GL_EXT_framebuffer_multisample_blit_scaled GL_EXT_framebuffer_object GL_EXT_framebuffer_sRGB GL_EXT_memory_object GL_EXT_memory_object_fd GL_EXT_packed_depth_stencil GL_EXT_packed_float GL_EXT_pixel_buffer_object GL_EXT_polygon_offset_clamp GL_EXT_provoking_vertex GL_EXT_semaphore GL_EXT_semaphore_fd GL_EXT_shader_clock GL_EXT_shader_framebuffer_fetch GL_EXT_shader_framebuffer_fetch_non_coherent GL_EXT_shader_integer_mix GL_EXT_shader_samples_identical GL_EXT_texture_array GL_EXT_texture_compression_dxt1 GL_EXT_texture_compression_rgtc GL_EXT_texture_compression_s3tc GL_EXT_texture_filter_anisotropic GL_EXT_texture_integer GL_EXT_texture_sRGB GL_EXT_text
ure_sRGB_R8 GL_EXT_texture_sRGB_decode GL_EXT_texture_shadow_lod GL_EXT_texture_shared_exponent GL_EXT_texture_snorm GL_EXT_texture_storage GL_EXT_texture_swizzle GL_EXT_timer_query GL_EXT_transform_feedback GL_EXT_vertex_array_bgra GL_EXT_vertex_attrib_64bit GL_IBM_multimode_draw_arrays GL_INTEL_blackhole_render GL_INTEL_conservative_rasterization GL_INTEL_performance_query GL_INTEL_shader_atomic_float_minmax GL_INTEL_shader_integer_functions2 GL_KHR_blend_equation_advanced GL_KHR_blend_equation_advanced_coherent GL_KHR_context_flush_control GL_KHR_debug GL_KHR_no_error GL_KHR_parallel_shader_compile GL_KHR_robust_buffer_access_behavior GL_KHR_robustness GL_KHR_shader_subgroup GL_KHR_texture_compression_astc_ldr GL_KHR_texture_compression_astc_sliced_3d GL_MESA_framebuffer_flip_y GL_MESA_pack_invert GL_MESA_shader_integer_functions GL_MESA_texture_const_bandwidth GL_MESA_texture_signed_rgba GL_NV_alpha_to_coverage_dither_control GL_NV_compute_shader_derivatives GL_NV_conditional_render GL_NV_copy_image GL_N
V_depth_clamp GL_NV_fragment_shader_interlock GL_NV_packed_depth_stencil GL_NV_texture_barrier GL_OES_EGL_image GL_S3_s3tc
OPENGL LOG: Creating OpenGL 4.6 graphics device ; Context level  <OpenGL 4.5> ; Context handle -302090112
Initialize mono
Mono path[0] = '/home/rob/programs/Unity/Hub/Editor/6000.2.5f1/Editor/Data/Managed'
Mono path[1] = '/home/rob/programs/Unity/Hub/Editor/6000.2.5f1/Editor/Data/MonoBleedingEdge/lib/mono/unityjit-linux'
Mono config path = '/home/rob/programs/Unity/Hub/Editor/6000.2.5f1/Editor/Data/MonoBleedingEdge/etc'
Using monoOptions --debugger-agent=transport=dt_socket,embedding=1,server=y,suspend=n,address=127.0.0.1:56137
Begin MonoManager ReloadAssembly
Registering precompiled unity dll's ...
Register platform support module: /home/rob/programs/Unity/Hub/Editor/6000.2.5f1/Editor/Data/PlaybackEngines/WebGLSupport/UnityEditor.WebGL.Extensions.dll
Register platform support module: /home/rob/programs/Unity/Hub/Editor/6000.2.5f1/Editor/Data/PlaybackEngines/LinuxStandaloneSupport/UnityEditor.LinuxStandalone.Extensions.dll
Registered in 0.001208 seconds.
- Loaded All Assemblies, in  0.264 seconds
Native extension for LinuxStandalone target not found
Native extension for WebGL target not found
Mono: successfully reloaded assembly
- Finished resetting the current domain, in  0.309 seconds
Domain Reload Profiling: 574ms
	BeginReloadAssembly (65ms)
		ExecutionOrderSort (0ms)
		DisableScriptedObjects (0ms)
		BackupInstance (0ms)
		ReleaseScriptingObjects (0ms)
		CreateAndSetChildDomain (1ms)
	RebuildCommonClasses (31ms)
	RebuildNativeTypeToScriptingClass (7ms)
	initialDomainReloadingComplete (40ms)
	LoadAllAssembliesAndSetupDomain (121ms)
		LoadAssemblies (65ms)
		RebuildTransferFunctionScriptingTraits (0ms)
		AnalyzeDomain (119ms)
			TypeCache.Refresh (118ms)
				TypeCache.ScanAssembly (108ms)
			BuildScriptInfoCaches (0ms)
			ResolveRequiredComponents (0ms)
	FinalizeReload (310ms)
		ReleaseScriptCaches (0ms)
		RebuildScriptCaches (0ms)
		SetupLoadedEditorAssemblies (277ms)
			LogAssemblyErrors (0ms)
			InitializePlatformSupportModulesInManaged (42ms)
			SetLoadedEditorAssemblies (7ms)
			BeforeProcessingInitializeOnLoad (73ms)
			ProcessInitializeOnLoadAttributes (100ms)
			ProcessInitializeOnLoadMethodAttributes (55ms)
			AfterProcessingInitializeOnLoad (0ms)
			EditorAssembliesLoaded (0ms)
		ExecutionOrderSort2 (0ms)
		AwakeInstancesAfterBackupRestoration (0ms)
========================================================================
Worker process is ready to serve import requests
Import Worker Mode flag is 0x00
Begin MonoManager ReloadAssembly
[Licensing::Client] Successfully resolved entitlement details
[Licensing::Module] License group:
  Id: 5272876-UnityPersXXXX
  Product: Unity Personal
  Type: Assigned
  Expiration: Unlimited
- Loaded All Assemblies, in  0.404 seconds
Refreshing native plugins compatible for Editor in 0.20 ms, found 0 plugins.
Native extension for LinuxStandalone target not found
Native extension for WebGL target not found
Package Manager log level set to [2]
[Package Manager] Failed to launch server process. Reason: Unity was launched with the -noUpm command-line argument
[Package Manager] Unable to send message (not connected to server process).
[Package Manager] Cannot connect to Unity Package Manager local server
Mono: successfully reloaded assembly
- Finished resetting the current domain, in  0.398 seconds
Domain Reload Profiling: 803ms
	BeginReloadAssembly (109ms)
		ExecutionOrderSort (0ms)
		DisableScriptedObjects (5ms)
		BackupInstance (0ms)
		ReleaseScriptingObjects (0ms)
		CreateAndSetChildDomain (26ms)
	RebuildCommonClasses (27ms)
	RebuildNativeTypeToScriptingClass (7ms)
	initialDomainReloadingComplete (29ms)
	LoadAllAssembliesAndSetupDomain (232ms)
		LoadAssemblies (178ms)
		RebuildTransferFunctionScriptingTraits (0ms)
		AnalyzeDomain (98ms)
			TypeCache.Refresh (73ms)
				TypeCache.ScanAssembly (65ms)
			BuildScriptInfoCaches (19ms)
			ResolveRequiredComponents (4ms)
	FinalizeReload (399ms)
		ReleaseScriptCaches (0ms)
		RebuildScriptCaches (0ms)
		SetupLoadedEditorAssemblies (305ms)
			LogAssemblyErrors (0ms)
			InitializePlatformSupportModulesInManaged (2ms)
			SetLoadedEditorAssemblies (2ms)
			BeforeProcessingInitializeOnLoad (75ms)
			ProcessInitializeOnLoadAttributes (203ms)
			ProcessInitializeOnLoadMethodAttributes (20ms)
			AfterProcessingInitializeOnLoad (2ms)
			EditorAssembliesLoaded (0ms)
		ExecutionOrderSort2 (0ms)
		AwakeInstancesAfterBackupRestoration (3ms)
AutoLocale: current locale expects 'C' but got 'en_GB.UTF-8'Launched and connected shader compiler UnityShaderCompiler after 0.01 seconds
Refreshing native plugins compatible for Editor in 0.41 ms, found 0 plugins.
Preloading 0 native plugins for Editor in 0.00 ms.
Unloading 0 Unused Serialized files (Serialized files now loaded: 0)
Unloading 3472 unused Assets / (1.8 MB). Loaded Objects now: 4059.
Memory consumption went from 87.8 MB to 86.0 MB.
Total: 11.353601 ms (FindLiveObjects: 0.591116 ms CreateObjectMapping: 0.562874 ms MarkObjects: 7.117830 ms  DeleteObjects: 3.080023 ms)

========================================================================
Received Prepare
Begin MonoManager ReloadAssembly
- Loaded All Assemblies, in  0.459 seconds
Refreshing native plugins compatible for Editor in 0.22 ms, found 0 plugins.
Native extension for LinuxStandalone target not found
Native extension for WebGL target not found
[Package Manager] Failed to launch server process. Reason: Unity was launched with the -noUpm command-line argument
[Package Manager] Unable to send message (not connected to server process).
[Package Manager] Cannot connect to Unity Package Manager local server
Mono: successfully reloaded assembly
- Finished resetting the current domain, in  0.419 seconds
Domain Reload Profiling: 881ms
	BeginReloadAssembly (173ms)
		ExecutionOrderSort (0ms)
		DisableScriptedObjects (5ms)
		BackupInstance (0ms)
		ReleaseScriptingObjects (0ms)
		CreateAndSetChildDomain (79ms)
	RebuildCommonClasses (30ms)
	RebuildNativeTypeToScriptingClass (7ms)
	initialDomainReloadingComplete (22ms)
	LoadAllAssembliesAndSetupDomain (228ms)
		LoadAssemblies (196ms)
		RebuildTransferFunctionScriptingTraits (0ms)
		AnalyzeDomain (83ms)
			TypeCache.Refresh (4ms)
				TypeCache.ScanAssembly (0ms)
			BuildScriptInfoCaches (72ms)
			ResolveRequiredComponents (4ms)
	FinalizeReload (420ms)
		ReleaseScriptCaches (0ms)
		RebuildScriptCaches (0ms)
		SetupLoadedEditorAssemblies (320ms)
			LogAssemblyErrors (0ms)
			InitializePlatformSupportModulesInManaged (2ms)
			SetLoadedEditorAssemblies (2ms)
			BeforeProcessingInitializeOnLoad (88ms)
			ProcessInitializeOnLoadAttributes (206ms)
			ProcessInitializeOnLoadMethodAttributes (19ms)
			AfterProcessingInitializeOnLoad (2ms)
			EditorAssembliesLoaded (0ms)
		ExecutionOrderSort2 (0ms)
		AwakeInstancesAfterBackupRestoration (3ms)
Refreshing native plugins compatible for Editor in 0.25 ms, found 0 plugins.
Preloading 0 native plugins for Editor in 0.00 ms.
Unloading 0 Unused Serialized files (Serialized files now loaded: 0)
Unloading 3470 unused Assets / (0.7 MB). Loaded Objects now: 4059.
Memory consumption went from 87.8 MB to 87.2 MB.
Total: 4.792201 ms (FindLiveObjects: 0.314454 ms CreateObjectMapping: 0.115538 ms MarkObjects: 3.449298 ms  DeleteObjects: 0.912402 ms)

Prepare: number of updated asset objects reloaded= 0
========================================================================
Received Prepare
Begin MonoManager ReloadAssembly
[Licensing::Client] Successfully resolved entitlement details
- Loaded All Assemblies, in  0.481 seconds
Refreshing native plugins compatible for Editor in 0.25 ms, found 0 plugins.
Native extension for LinuxStandalone target not found
Native extension for WebGL target not found
[Package Manager] Failed to launch server process. Reason: Unity was launched with the -noUpm command-line argument
[Package Manager] Unable to send message (not connected to server process).
[Package Manager] Cannot connect to Unity Package Manager local server
Mono: successfully reloaded assembly
- Finished resetting the current domain, in  0.515 seconds
Domain Reload Profiling: 999ms
	BeginReloadAssembly (152ms)
		ExecutionOrderSort (0ms)
		DisableScriptedObjects (5ms)
		BackupInstance (0ms)
		ReleaseScriptingObjects (0ms)
		CreateAndSetChildDomain (63ms)
	RebuildCommonClasses (36ms)
	RebuildNativeTypeToScriptingClass (9ms)
	initialDomainReloadingComplete (25ms)
	LoadAllAssembliesAndSetupDomain (262ms)
		LoadAssemblies (201ms)
		RebuildTransferFunctionScriptingTraits (0ms)
		AnalyzeDomain (106ms)
			TypeCache.Refresh (6ms)
				TypeCache.ScanAssembly (0ms)
			BuildScriptInfoCaches (92ms)
			ResolveRequiredComponents (5ms)
	FinalizeReload (516ms)
		ReleaseScriptCaches (0ms)
		RebuildScriptCaches (0ms)
		SetupLoadedEditorAssemblies (386ms)
			LogAssemblyErrors (0ms)
			InitializePlatformSupportModulesInManaged (3ms)
			SetLoadedEditorAssemblies (5ms)
			BeforeProcessingInitializeOnLoad (106ms)
			ProcessInitializeOnLoadAttributes (245ms)
			ProcessInitializeOnLoadMethodAttributes (24ms)
			AfterProcessingInitializeOnLoad (3ms)
			EditorAssembliesLoaded (0ms)
		ExecutionOrderSort2 (0ms)
		AwakeInstancesAfterBackupRestoration (4ms)
Refreshing native plugins compatible for Editor in 0.29 ms, found 0 plugins.
Preloading 0 native plugins for Editor in 0.00 ms.
Unloading 0 Unused Serialized files (Serialized files now loaded: 0)
Unloading 3470 unused Assets / (0.7 MB). Loaded Objects now: 4059.
Memory consumption went from 87.9 MB to 87.1 MB.
Total: 5.577715 ms (FindLiveObjects: 0.351324 ms CreateObjectMapping: 0.157388 ms MarkObjects: 4.271633 ms  DeleteObjects: 0.796005 ms)

Prepare: number of updated asset objects reloaded= 0
========================================================================
Received Import Request.
  Time since last request: 405511.691372 seconds.
  path: Assets/Prefabs/Arch.prefab
  artifactKey: Guid(1509ad5b28fe0344b83f6629b2a6def6) Importer(815301076,1909f56bfc062723c751e8b465ee728b)
Start importing Assets/Prefabs/Arch.prefab using Guid(1509ad5b28fe0344b83f6629b2a6def6) Importer(815301076,1909f56bfc062723c751e8b465ee728b) (PreviewImporter) -> (artifact id: '2f1f1162b012e6842bf7ab4db264740d') in 0.415381215 seconds
Number of updated asset objects reloaded before import = 0Number of asset objects unloaded after import = 311

========================================================================
Received Import Request.
  Time since last request: 0.000059 seconds.
  path: Assets/Prefabs/test_station_start Variant.prefab
  artifactKey: Guid(6a53003c561fded46b2204fbb29ec9a1) Importer(815301076,1909f56bfc062723c751e8b465ee728b)
Start importing Assets/Prefabs/test_station_start Variant.prefab using Guid(6a53003c561fded46b2204fbb29ec9a1) Importer(815301076,1909f56bfc062723c751e8b465ee728b) (PreviewImporter) -> (artifact id: 'b37db5b1e9b583d070d94b7efc8a3cc8') in 0.293385679 seconds
Number of updated asset objects reloaded before import = 0Number of asset objects unloaded after import = 568

========================================================================
Received Import Request.
  Time since last request: 1.435398 seconds.
  path: Assets/Prefabs/boxes/stationboxes_four.prefab
  artifactKey: Guid(344ca53994db3d3f7b9e2f4184a4f4e0) Importer(815301076,1909f56bfc062723c751e8b465ee728b)
Start importing Assets/Prefabs/boxes/stationboxes_four.prefab using Guid(344ca53994db3d3f7b9e2f4184a4f4e0) Importer(815301076,1909f56bfc062723c751e8b465ee728b) (PreviewImporter) -> (artifact id: 'ae6e9f74805abd860304d776c82808a1') in 0.11243144 seconds
Number of updated asset objects reloaded before import = 0Number of asset objects unloaded after import = 110

========================================================================
Received Import Request.
  Time since last request: 0.000018 seconds.
  path: Assets/Prefabs/boxes/stationboxes_two.prefab
  artifactKey: Guid(8a1499e1b021861cf8d745d306069a4c) Importer(815301076,1909f56bfc062723c751e8b465ee728b)
Start importing Assets/Prefabs/boxes/stationboxes_two.prefab using Guid(8a1499e1b021861cf8d745d306069a4c) Importer(815301076,1909f56bfc062723c751e8b465ee728b) (PreviewImporter) -> (artifact id: 'c54fd3f94abb9e6c048e223aa29c2b7e') in 0.116550539 seconds
Number of updated asset objects reloaded before import = 0Number of asset objects unloaded after import = 72

========================================================================
Received Import Request.
  Time since last request: 249.395988 seconds.
  path: Assets/Prefabs/boxes/stationboxes_four.prefab
  artifactKey: Guid(344ca53994db3d3f7b9e2f4184a4f4e0) Importer(815301076,1909f56bfc062723c751e8b465ee728b)
Start importing Assets/Prefabs/boxes/stationboxes_four.prefab using Guid(344ca53994db3d3f7b9e2f4184a4f4e0) Importer(815301076,1909f56bfc062723c751e8b465ee728b) (PreviewImporter) -> (artifact id: 'b4422717a075e298a6256ba054bfde5e') in 0.122453861 seconds
Number of updated asset objects reloaded before import = 0Number of asset objects unloaded after import = 110

========================================================================
Received Import Request.
  Time since last request: 0.000033 seconds.
  path: Assets/Prefabs/boxes/stationboxes_two.prefab
  artifactKey: Guid(8a1499e1b021861cf8d745d306069a4c) Importer(815301076,1909f56bfc062723c751e8b465ee728b)
Start importing Assets/Prefabs/boxes/stationboxes_two.prefab using Guid(8a1499e1b021861cf8d745d306069a4c) Importer(815301076,1909f56bfc062723c751e8b465ee728b) (PreviewImporter) -> (artifact id: '1b6c57636721d7e069e0e6e22e3eb6e5') in 0.107767896 seconds
Number of updated asset objects reloaded before import = 0Number of asset objects unloaded after import = 72

========================================================================
Received Import Request.
  Time since last request: 1.263306 seconds.
  path: Assets/Prefabs/boxes/stationboxes_four.prefab
  artifactKey: Guid(344ca53994db3d3f7b9e2f4184a4f4e0) Importer(815301076,1909f56bfc062723c751e8b465ee728b)
Start importing Assets/Prefabs/boxes/stationboxes_four.prefab using Guid(344ca53994db3d3f7b9e2f4184a4f4e0) Importer(815301076,1909f56bfc062723c751e8b465ee728b) (PreviewImporter) -> (artifact id: 'b199f06594655103c561d37fa087e421') in 0.127602518 seconds
Number of updated asset objects reloaded before import = 0Number of asset objects unloaded after import = 110

========================================================================
Received Import Request.
  Time since last request: 0.000027 seconds.
  path: Assets/Prefabs/boxes/stationboxes_three.prefab
  artifactKey: Guid(8607a6ad7cb97c2f78424b032b27dc08) Importer(815301076,1909f56bfc062723c751e8b465ee728b)
Start importing Assets/Prefabs/boxes/stationboxes_three.prefab using Guid(8607a6ad7cb97c2f78424b032b27dc08) Importer(815301076,1909f56bfc062723c751e8b465ee728b) (PreviewImporter) -> (artifact id: '235d5d69c437955a146286369566bcdd') in 0.116611679 seconds
Number of updated asset objects reloaded before import = 0Number of asset objects unloaded after import = 91

========================================================================
Received Import Request.
  Time since last request: 32.798349 seconds.
  path: Assets/Prefabs/boxes/stationsignleft.prefab
  artifactKey: Guid(024db43d41c35672b90564f31bf5b0fa) Importer(815301076,1909f56bfc062723c751e8b465ee728b)
Start importing Assets/Prefabs/boxes/stationsignleft.prefab using Guid(024db43d41c35672b90564f31bf5b0fa) Importer(815301076,1909f56bfc062723c751e8b465ee728b) (PreviewImporter) -> (artifact id: 'b28e4f25a3a27a70b59680f4eff1e785') in 0.129361477 seconds
Number of updated asset objects reloaded before import = 0Number of asset objects unloaded after import = 40

========================================================================
Received Import Request.
  Time since last request: 0.000036 seconds.
  path: Assets/Fonts/FetteEgyptienne SDF.asset
  artifactKey: Guid(bc737ba9377135845a9f1b19b5c3478f) Importer(815301076,1909f56bfc062723c751e8b465ee728b)
Start importing Assets/Fonts/FetteEgyptienne SDF.asset using Guid(bc737ba9377135845a9f1b19b5c3478f) Importer(815301076,1909f56bfc062723c751e8b465ee728b) (PreviewImporter) -> (artifact id: 'f61919df270a0fe60b4ec6b4ff3e5a10') in 0.119803566 seconds
Number of updated asset objects reloaded before import = 0Number of asset objects unloaded after import = 4

========================================================================
Received Import Request.
  Time since last request: 13.739100 seconds.
  path: Assets/Prefabs/boxes/stationsignleft.prefab
  artifactKey: Guid(024db43d41c35672b90564f31bf5b0fa) Importer(815301076,1909f56bfc062723c751e8b465ee728b)
Start importing Assets/Prefabs/boxes/stationsignleft.prefab using Guid(024db43d41c35672b90564f31bf5b0fa) Importer(815301076,1909f56bfc062723c751e8b465ee728b) (PreviewImporter) -> (artifact id: '0717bbd7d0de0c34e7139315cf40b820') in 0.10586666 seconds
Number of updated asset objects reloaded before import = 0Number of asset objects unloaded after import = 40

========================================================================
Received Import Request.
  Time since last request: 20.952501 seconds.
  path: Assets/Prefabs/Arch.prefab
  artifactKey: Guid(1509ad5b28fe0344b83f6629b2a6def6) Importer(815301076,1909f56bfc062723c751e8b465ee728b)
Start importing Assets/Prefabs/Arch.prefab using Guid(1509ad5b28fe0344b83f6629b2a6def6) Importer(815301076,1909f56bfc062723c751e8b465ee728b) (PreviewImporter) -> (artifact id: '74357bc497ae0cb5969c3e59f1c9c305') in 0.32355296 seconds
Number of updated asset objects reloaded before import = 0Number of asset objects unloaded after import = 311

========================================================================
Received Import Request.
  Time since last request: 0.000068 seconds.
  path: Assets/Prefabs/test_station_start Variant.prefab
  artifactKey: Guid(6a53003c561fded46b2204fbb29ec9a1) Importer(815301076,1909f56bfc062723c751e8b465ee728b)
Start importing Assets/Prefabs/test_station_start Variant.prefab using Guid(6a53003c561fded46b2204fbb29ec9a1) Importer(815301076,1909f56bfc062723c751e8b465ee728b) (PreviewImporter) -> (artifact id: 'df72c401a73f186ee617cef00115e165') in 0.373194615 seconds
Number of updated asset objects reloaded before import = 0Number of asset objects unloaded after import = 568

========================================================================
Received Import Request.
  Time since last request: 19.745879 seconds.
  path: Assets/Prefabs/Arch.prefab
  artifactKey: Guid(1509ad5b28fe0344b83f6629b2a6def6) Importer(815301076,1909f56bfc062723c751e8b465ee728b)
Start importing Assets/Prefabs/Arch.prefab using Guid(1509ad5b28fe0344b83f6629b2a6def6) Importer(815301076,1909f56bfc062723c751e8b465ee728b) (PreviewImporter) -> (artifact id: '18f64a134a6496b434e5ca2d9b5b3056') in 0.489698417 seconds
Number of updated asset objects reloaded before import = 0Number of asset objects unloaded after import = 311

========================================================================
Received Import Request.
  Time since last request: 11.665315 seconds.
  path: Assets/Prefabs/Arch.prefab
  artifactKey: Guid(1509ad5b28fe0344b83f6629b2a6def6) Importer(815301076,1909f56bfc062723c751e8b465ee728b)
Start importing Assets/Prefabs/Arch.prefab using Guid(1509ad5b28fe0344b83f6629b2a6def6) Importer(815301076,1909f56bfc062723c751e8b465ee728b) (PreviewImporter) -> (artifact id: '337d3397fcbfed3f740aa826a23c8472') in 0.361936971 seconds
Number of updated asset objects reloaded before import = 0Number of asset objects unloaded after import = 311

========================================================================
Received Import Request.
  Time since last request: 29.342550 seconds.
  path: Assets/Prefabs/clockface.prefab
  artifactKey: Guid(cd04df4127387da4f8dd19fa3f384c09) Importer(815301076,1909f56bfc062723c751e8b465ee728b)
Start importing Assets/Prefabs/clockface.prefab using Guid(cd04df4127387da4f8dd19fa3f384c09) Importer(815301076,1909f56bfc062723c751e8b465ee728b) (PreviewImporter) -> (artifact id: '8cb4dd50f85c4e625d9963434295693b') in 0.012089738 seconds
Number of updated asset objects reloaded before import = 0Number of asset objects unloaded after import = 53

========================================================================
Received Import Request.
  Time since last request: 34.208807 seconds.
  path: Assets/Prefabs/PassingTrain.prefab
  artifactKey: Guid(ad610d5a93710344f9a8ffec7f572909) Importer(815301076,1909f56bfc062723c751e8b465ee728b)
Start importing Assets/Prefabs/PassingTrain.prefab using Guid(ad610d5a93710344f9a8ffec7f572909) Importer(815301076,1909f56bfc062723c751e8b465ee728b) (PreviewImporter) -> (artifact id: 'f15e37f73a6aabadeaf6807d204fc8a7') in 0.157333434 seconds
Number of updated asset objects reloaded before import = 0Number of asset objects unloaded after import = 21

========================================================================
Received Import Request.
  Time since last request: 50.997537 seconds.
  path: Assets/Prefabs/PassingTunnel.prefab
  artifactKey: Guid(1f104629ee2fea748a13d294ed0b6142) Importer(815301076,1909f56bfc062723c751e8b465ee728b)
Start importing Assets/Prefabs/PassingTunnel.prefab using Guid(1f104629ee2fea748a13d294ed0b6142) Importer(815301076,1909f56bfc062723c751e8b465ee728b) (PreviewImporter) -> (artifact id: '2699eca091d2de494ffe062649ee502b') in 0.196474448 seconds
Number of updated asset objects reloaded before import = 0Number of asset objects unloaded after import = 88

========================================================================
Received Import Request.
  Time since last request: 109.948444 seconds.
  path: Assets/Prefabs/test_station.prefab
  artifactKey: Guid(5a7c67da2bdcd1748b2cf53bbdaa63b2) Importer(815301076,1909f56bfc062723c751e8b465ee728b)
Start importing Assets/Prefabs/test_station.prefab using Guid(5a7c67da2bdcd1748b2cf53bbdaa63b2) Importer(815301076,1909f56bfc062723c751e8b465ee728b) (PreviewImporter) -> (artifact id: '4fd292e37ee5b1c6fbc4fdb81d2588ff') in 0.297829795 seconds
Number of updated asset objects reloaded before import = 0Number of asset objects unloaded after import = 464

========================================================================
Received Import Request.
  Time since last request: 1.321389 seconds.
  path: Assets/Prefabs/test_station.prefab
  artifactKey: Guid(5a7c67da2bdcd1748b2cf53bbdaa63b2) Importer(815301076,1909f56bfc062723c751e8b465ee728b)
Start importing Assets/Prefabs/test_station.prefab using Guid(5a7c67da2bdcd1748b2cf53bbdaa63b2) Importer(815301076,1909f56bfc062723c751e8b465ee728b) (PreviewImporter) -> (artifact id: '6b948ec83161ce7cb4f37127f62ad336') in 0.290016136 seconds
Number of updated asset objects reloaded before import = 0Number of asset objects unloaded after import = 464

========================================================================
Received Import Request.
  Time since last request: 2.366553 seconds.
  path: Assets/Prefabs/test_station.prefab
  artifactKey: Guid(5a7c67da2bdcd1748b2cf53bbdaa63b2) Importer(815301076,1909f56bfc062723c751e8b465ee728b)
Start importing Assets/Prefabs/test_station.prefab using Guid(5a7c67da2bdcd1748b2cf53bbdaa63b2) Importer(815301076,1909f56bfc062723c751e8b465ee728b) (PreviewImporter) -> (artifact id: '64e669b20b3c3bdf6ecb0ed51b29514b') in 0.314479161 seconds
Number of updated asset objects reloaded before import = 0Number of asset objects unloaded after import = 464

========================================================================
Received Import Request.
  Time since last request: 2.784698 seconds.
  path: Assets/Prefabs/test_station.prefab
  artifactKey: Guid(5a7c67da2bdcd1748b2cf53bbdaa63b2) Importer(815301076,1909f56bfc062723c751e8b465ee728b)
Start importing Assets/Prefabs/test_station.prefab using Guid(5a7c67da2bdcd1748b2cf53bbdaa63b2) Importer(815301076,1909f56bfc062723c751e8b465ee728b) (PreviewImporter) -> (artifact id: '403dfe8a8f2d3431dcd70923e4d776a0') in 0.311809839 seconds
Number of updated asset objects reloaded before import = 0Number of asset objects unloaded after import = 469

========================================================================
Received Import Request.
  Time since last request: 0.936210 seconds.
  path: Assets/Prefabs/test_station.prefab
  artifactKey: Guid(5a7c67da2bdcd1748b2cf53bbdaa63b2) Importer(815301076,1909f56bfc062723c751e8b465ee728b)
Start importing Assets/Prefabs/test_station.prefab using Guid(5a7c67da2bdcd1748b2cf53bbdaa63b2) Importer(815301076,1909f56bfc062723c751e8b465ee728b) (PreviewImporter) -> (artifact id: '07037b2fdd8ff3467ac03e27485027d2') in 0.291737032 seconds
Number of updated asset objects reloaded before import = 0Number of asset objects unloaded after import = 474

========================================================================
Received Import Request.
  Time since last request: 13.735176 seconds.
  path: Assets/Prefabs/test_station.prefab
  artifactKey: Guid(5a7c67da2bdcd1748b2cf53bbdaa63b2) Importer(815301076,1909f56bfc062723c751e8b465ee728b)
Start importing Assets/Prefabs/test_station.prefab using Guid(5a7c67da2bdcd1748b2cf53bbdaa63b2) Importer(815301076,1909f56bfc062723c751e8b465ee728b) (PreviewImporter) -> (artifact id: 'd6f64b3a9a845dd3ae24730cd8747a0d') in 0.301312184 seconds
Number of updated asset objects reloaded before import = 0Number of asset objects unloaded after import = 464

========================================================================
Received Prepare
Begin MonoManager ReloadAssembly
[Licensing::Client] Successfully resolved entitlement details
- Loaded All Assemblies, in  0.406 seconds
Refreshing native plugins compatible for Editor in 0.19 ms, found 0 plugins.
Native extension for LinuxStandalone target not found
Native extension for WebGL target not found
[Package Manager] Failed to launch server process. Reason: Unity was launched with the -noUpm command-line argument
[Package Manager] Unable to send message (not connected to server process).
[Package Manager] Cannot connect to Unity Package Manager local server
Mono: successfully reloaded assembly
- Finished resetting the current domain, in  0.486 seconds
Domain Reload Profiling: 894ms
	BeginReloadAssembly (127ms)
		ExecutionOrderSort (0ms)
		DisableScriptedObjects (4ms)
		BackupInstance (0ms)
		ReleaseScriptingObjects (0ms)
		CreateAndSetChildDomain (39ms)
	RebuildCommonClasses (30ms)
	RebuildNativeTypeToScriptingClass (7ms)
	initialDomainReloadingComplete (22ms)
	LoadAllAssembliesAndSetupDomain (222ms)
		LoadAssemblies (186ms)
		RebuildTransferFunctionScriptingTraits (0ms)
		AnalyzeDomain (83ms)
			TypeCache.Refresh (4ms)
				TypeCache.ScanAssembly (0ms)
			BuildScriptInfoCaches (72ms)
			ResolveRequiredComponents (4ms)
	FinalizeReload (486ms)
		ReleaseScriptCaches (0ms)
		RebuildScriptCaches (0ms)
		SetupLoadedEditorAssemblies (378ms)
			LogAssemblyErrors (0ms)
			InitializePlatformSupportModulesInManaged (2ms)
			SetLoadedEditorAssemblies (4ms)
			BeforeProcessingInitializeOnLoad (85ms)
			ProcessInitializeOnLoadAttributes (260ms)
			ProcessInitializeOnLoadMethodAttributes (25ms)
			AfterProcessingInitializeOnLoad (3ms)
			EditorAssembliesLoaded (0ms)
		ExecutionOrderSort2 (0ms)
		AwakeInstancesAfterBackupRestoration (4ms)
Refreshing native plugins compatible for Editor in 0.32 ms, found 0 plugins.
Preloading 0 native plugins for Editor in 0.00 ms.
Unloading 0 Unused Serialized files (Serialized files now loaded: 0)
Unloading 3471 unused Assets / (0.7 MB). Loaded Objects now: 4108.
Memory consumption went from 91.1 MB to 90.4 MB.
Total: 6.636695 ms (FindLiveObjects: 0.366988 ms CreateObjectMapping: 0.142145 ms MarkObjects: 5.149517 ms  DeleteObjects: 0.976515 ms)

Prepare: number of updated asset objects reloaded= 0
========================================================================
Received Import Request.
  Time since last request: 169.739389 seconds.
  path: Assets/Prefabs/test_station.prefab
  artifactKey: Guid(5a7c67da2bdcd1748b2cf53bbdaa63b2) Importer(815301076,1909f56bfc062723c751e8b465ee728b)
Start importing Assets/Prefabs/test_station.prefab using Guid(5a7c67da2bdcd1748b2cf53bbdaa63b2) Importer(815301076,1909f56bfc062723c751e8b465ee728b) (PreviewImporter) -> (artifact id: 'ff1f9455f1118c9968299e969f209eab') in 0.38900233 seconds
Number of updated asset objects reloaded before import = 0Number of asset objects unloaded after import = 464

========================================================================
Received Import Request.
  Time since last request: 107.142348 seconds.
  path: Assets/Prefabs/test_station.prefab
  artifactKey: Guid(5a7c67da2bdcd1748b2cf53bbdaa63b2) Importer(815301076,1909f56bfc062723c751e8b465ee728b)
Start importing Assets/Prefabs/test_station.prefab using Guid(5a7c67da2bdcd1748b2cf53bbdaa63b2) Importer(815301076,1909f56bfc062723c751e8b465ee728b) (PreviewImporter) -> (artifact id: '2899c780ad1c3528aab19592b9e41f96') in 0.431792748 seconds
Number of updated asset objects reloaded before import = 0Number of asset objects unloaded after import = 464

========================================================================
Received Import Request.
  Time since last request: 9.264401 seconds.
  path: Assets/Scenes/MainScene.unity
  artifactKey: Guid(0821d9d942b7ecda2b85abb64045a05e) Importer(815301076,1909f56bfc062723c751e8b465ee728b)
Start importing Assets/Scenes/MainScene.unity using Guid(0821d9d942b7ecda2b85abb64045a05e) Importer(815301076,1909f56bfc062723c751e8b465ee728b) (PreviewImporter) -> (artifact id: 'da79a4189dee1176141235cb269a0843') in 0.000424917 seconds
Number of updated asset objects reloaded before import = 0Number of asset objects unloaded after import = 0

========================================================================
Received Import Request.
  Time since last request: 1.954900 seconds.
  path: Assets/Scenes/MainScene.unity
  artifactKey: Guid(0821d9d942b7ecda2b85abb64045a05e) Importer(815301076,1909f56bfc062723c751e8b465ee728b)
Start importing Assets/Scenes/MainScene.unity using Guid(0821d9d942b7ecda2b85abb64045a05e) Importer(815301076,1909f56bfc062723c751e8b465ee728b) (PreviewImporter) -> (artifact id: '90e22d2afe868fbef6cc31480d6a93a5') in 0.000771837 seconds
Number of updated asset objects reloaded before import = 0Number of asset objects unloaded after import = 0

========================================================================
Received Import Request.
  Time since last request: 151.622515 seconds.
  path: Assets/Prefabs/test_station.prefab
  artifactKey: Guid(5a7c67da2bdcd1748b2cf53bbdaa63b2) Importer(815301076,1909f56bfc062723c751e8b465ee728b)
Start importing Assets/Prefabs/test_station.prefab using Guid(5a7c67da2bdcd1748b2cf53bbdaa63b2) Importer(815301076,1909f56bfc062723c751e8b465ee728b) (PreviewImporter) -> (artifact id: '34105253168fdc809cff3afeb0bb942c') in 0.299781255 seconds
Number of updated asset objects reloaded before import = 0Number of asset objects unloaded after import = 465

========================================================================
Received Import Request.
  Time since last request: 5.916211 seconds.
  path: Assets/Prefabs/test_station.prefab
  artifactKey: Guid(5a7c67da2bdcd1748b2cf53bbdaa63b2) Importer(815301076,1909f56bfc062723c751e8b465ee728b)
Start importing Assets/Prefabs/test_station.prefab using Guid(5a7c67da2bdcd1748b2cf53bbdaa63b2) Importer(815301076,1909f56bfc062723c751e8b465ee728b) (PreviewImporter) -> (artifact id: 'e154b561467c8c0e6433f08ff9828bc2') in 0.29444963 seconds
Number of updated asset objects reloaded before import = 0Number of asset objects unloaded after import = 466

========================================================================
Received Import Request.
  Time since last request: 8.477086 seconds.
  path: Assets/Prefabs/test_station.prefab
  artifactKey: Guid(5a7c67da2bdcd1748b2cf53bbdaa63b2) Importer(815301076,1909f56bfc062723c751e8b465ee728b)
Start importing Assets/Prefabs/test_station.prefab using Guid(5a7c67da2bdcd1748b2cf53bbdaa63b2) Importer(815301076,1909f56bfc062723c751e8b465ee728b) (PreviewImporter) -> (artifact id: 'bfe7a9a0e64169b97ef3c89c472a845c') in 0.300484942 seconds
Number of updated asset objects reloaded before import = 0Number of asset objects unloaded after import = 467

========================================================================
Received Import Request.
  Time since last request: 5.080159 seconds.
  path: Assets/Prefabs/test_station.prefab
  artifactKey: Guid(5a7c67da2bdcd1748b2cf53bbdaa63b2) Importer(815301076,1909f56bfc062723c751e8b465ee728b)
Start importing Assets/Prefabs/test_station.prefab using Guid(5a7c67da2bdcd1748b2cf53bbdaa63b2) Importer(815301076,1909f56bfc062723c751e8b465ee728b) (PreviewImporter) -> (artifact id: 'e760169d713191a0b95c37b776c146b0') in 0.311743388 seconds
Number of updated asset objects reloaded before import = 0Number of asset objects unloaded after import = 468

========================================================================
Received Import Request.
  Time since last request: 6.870235 seconds.
  path: Assets/Prefabs/test_station.prefab
  artifactKey: Guid(5a7c67da2bdcd1748b2cf53bbdaa63b2) Importer(815301076,1909f56bfc062723c751e8b465ee728b)
Start importing Assets/Prefabs/test_station.prefab using Guid(5a7c67da2bdcd1748b2cf53bbdaa63b2) Importer(815301076,1909f56bfc062723c751e8b465ee728b) (PreviewImporter) -> (artifact id: 'ad477dc271bf68ac0a8cb697abc7166a') in 0.318722209 seconds
Number of updated asset objects reloaded before import = 0Number of asset objects unloaded after import = 469

========================================================================
Received Import Request.
  Time since last request: 5.556359 seconds.
  path: Assets/Prefabs/test_station.prefab
  artifactKey: Guid(5a7c67da2bdcd1748b2cf53bbdaa63b2) Importer(815301076,1909f56bfc062723c751e8b465ee728b)
Start importing Assets/Prefabs/test_station.prefab using Guid(5a7c67da2bdcd1748b2cf53bbdaa63b2) Importer(815301076,1909f56bfc062723c751e8b465ee728b) (PreviewImporter) -> (artifact id: '249764e11c5ede35b705a9b544457f0b') in 0.324861027 seconds
Number of updated asset objects reloaded before import = 0Number of asset objects unloaded after import = 470

========================================================================
Received Import Request.
  Time since last request: 6.641656 seconds.
  path: Assets/Prefabs/test_station.prefab
  artifactKey: Guid(5a7c67da2bdcd1748b2cf53bbdaa63b2) Importer(815301076,1909f56bfc062723c751e8b465ee728b)
Start importing Assets/Prefabs/test_station.prefab using Guid(5a7c67da2bdcd1748b2cf53bbdaa63b2) Importer(815301076,1909f56bfc062723c751e8b465ee728b) (PreviewImporter) -> (artifact id: '33e1fb42d1afc00c159ae0e29f38c58c') in 0.308206655 seconds
Number of updated asset objects reloaded before import = 0Number of asset objects unloaded after import = 471

========================================================================
Received Import Request.
  Time since last request: 11.222948 seconds.
  path: Assets/Prefabs/test_station.prefab
  artifactKey: Guid(5a7c67da2bdcd1748b2cf53bbdaa63b2) Importer(815301076,1909f56bfc062723c751e8b465ee728b)
Start importing Assets/Prefabs/test_station.prefab using Guid(5a7c67da2bdcd1748b2cf53bbdaa63b2) Importer(815301076,1909f56bfc062723c751e8b465ee728b) (PreviewImporter) -> (artifact id: '390aa5e2c3f885aff59b861f8d64790a') in 0.300466879 seconds
Number of updated asset objects reloaded before import = 0Number of asset objects unloaded after import = 471

========================================================================
Received Import Request.
  Time since last request: 15.885703 seconds.
  path: Assets/Prefabs/test_station.prefab
  artifactKey: Guid(5a7c67da2bdcd1748b2cf53bbdaa63b2) Importer(815301076,1909f56bfc062723c751e8b465ee728b)
Start importing Assets/Prefabs/test_station.prefab using Guid(5a7c67da2bdcd1748b2cf53bbdaa63b2) Importer(815301076,1909f56bfc062723c751e8b465ee728b) (PreviewImporter) -> (artifact id: 'e3de99374337d4ad3d90cd79b2f439a9') in 0.302850068 seconds
Number of updated asset objects reloaded before import = 0Number of asset objects unloaded after import = 470

========================================================================
Received Prepare
Begin MonoManager ReloadAssembly
[Licensing::Client] Successfully resolved entitlement details
- Loaded All Assemblies, in  0.457 seconds
Refreshing native plugins compatible for Editor in 0.25 ms, found 0 plugins.
Native extension for LinuxStandalone target not found
Native extension for WebGL target not found
[Package Manager] Failed to launch server process. Reason: Unity was launched with the -noUpm command-line argument
[Package Manager] Unable to send message (not connected to server process).
[Package Manager] Cannot connect to Unity Package Manager local server
Mono: successfully reloaded assembly
- Finished resetting the current domain, in  0.557 seconds
Domain Reload Profiling: 1017ms
	BeginReloadAssembly (132ms)
		ExecutionOrderSort (0ms)
		DisableScriptedObjects (5ms)
		BackupInstance (0ms)
		ReleaseScriptingObjects (0ms)
		CreateAndSetChildDomain (40ms)
	RebuildCommonClasses (35ms)
	RebuildNativeTypeToScriptingClass (8ms)
	initialDomainReloadingComplete (23ms)
	LoadAllAssembliesAndSetupDomain (261ms)
		LoadAssemblies (208ms)
		RebuildTransferFunctionScriptingTraits (0ms)
		AnalyzeDomain (100ms)
			TypeCache.Refresh (5ms)
				TypeCache.ScanAssembly (0ms)
			BuildScriptInfoCaches (87ms)
			ResolveRequiredComponents (5ms)
	FinalizeReload (557ms)
		ReleaseScriptCaches (0ms)
		RebuildScriptCaches (0ms)
		SetupLoadedEditorAssemblies (427ms)
			LogAssemblyErrors (0ms)
			InitializePlatformSupportModulesInManaged (3ms)
			SetLoadedEditorAssemblies (4ms)
			BeforeProcessingInitializeOnLoad (111ms)
			ProcessInitializeOnLoadAttributes (279ms)
			ProcessInitializeOnLoadMethodAttributes (27ms)
			AfterProcessingInitializeOnLoad (4ms)
			EditorAssembliesLoaded (0ms)
		ExecutionOrderSort2 (0ms)
		AwakeInstancesAfterBackupRestoration (6ms)
Refreshing native plugins compatible for Editor in 0.28 ms, found 0 plugins.
Preloading 0 native plugins for Editor in 0.00 ms.
Unloading 0 Unused Serialized files (Serialized files now loaded: 0)
Unloading 3470 unused Assets / (0.6 MB). Loaded Objects now: 4108.
Memory consumption went from 91.1 MB to 90.6 MB.
Total: 5.640274 ms (FindLiveObjects: 0.302508 ms CreateObjectMapping: 0.140090 ms MarkObjects: 4.483418 ms  DeleteObjects: 0.713341 ms)

Prepare: number of updated asset objects reloaded= 0
========================================================================
Received Import Request.
  Time since last request: 18.745635 seconds.
  path: Assets/Prefabs/test_station.prefab
  artifactKey: Guid(5a7c67da2bdcd1748b2cf53bbdaa63b2) Importer(815301076,1909f56bfc062723c751e8b465ee728b)
Start importing Assets/Prefabs/test_station.prefab using Guid(5a7c67da2bdcd1748b2cf53bbdaa63b2) Importer(815301076,1909f56bfc062723c751e8b465ee728b) (PreviewImporter) -> (artifact id: 'f4189afe1ddca66c466e50eacb512096') in 0.430396765 seconds
Number of updated asset objects reloaded before import = 0Number of asset objects unloaded after import = 470

========================================================================
Received Import Request.
  Time since last request: 5.463339 seconds.
  path: Assets/Prefabs/test_station.prefab
  artifactKey: Guid(5a7c67da2bdcd1748b2cf53bbdaa63b2) Importer(815301076,1909f56bfc062723c751e8b465ee728b)
Start importing Assets/Prefabs/test_station.prefab using Guid(5a7c67da2bdcd1748b2cf53bbdaa63b2) Importer(815301076,1909f56bfc062723c751e8b465ee728b) (PreviewImporter) -> (artifact id: 'f6dd0f07464011ff5fc214360f074dd2') in 0.317498849 seconds
Number of updated asset objects reloaded before import = 0Number of asset objects unloaded after import = 470

========================================================================
Received Prepare
Begin MonoManager ReloadAssembly
- Loaded All Assemblies, in  0.487 seconds
Refreshing native plugins compatible for Editor in 0.23 ms, found 0 plugins.
Native extension for LinuxStandalone target not found
Native extension for WebGL target not found
[Package Manager] Failed to launch server process. Reason: Unity was launched with the -noUpm command-line argument
[Package Manager] Unable to send message (not connected to server process).
[Package Manager] Cannot connect to Unity Package Manager local server
Mono: successfully reloaded assembly
- Finished resetting the current domain, in  0.529 seconds
Domain Reload Profiling: 1018ms
	BeginReloadAssembly (143ms)
		ExecutionOrderSort (0ms)
		DisableScriptedObjects (5ms)
		BackupInstance (0ms)
		ReleaseScriptingObjects (0ms)
		CreateAndSetChildDomain (47ms)
	RebuildCommonClasses (38ms)
	RebuildNativeTypeToScriptingClass (10ms)
	initialDomainReloadingComplete (28ms)
	LoadAllAssembliesAndSetupDomain (270ms)
		LoadAssemblies (222ms)
		RebuildTransferFunctionScriptingTraits (0ms)
		AnalyzeDomain (99ms)
			TypeCache.Refresh (5ms)
				TypeCache.ScanAssembly (0ms)
			BuildScriptInfoCaches (86ms)
			ResolveRequiredComponents (5ms)
	FinalizeReload (529ms)
		ReleaseScriptCaches (0ms)
		RebuildScriptCaches (0ms)
		SetupLoadedEditorAssemblies (409ms)
			LogAssemblyErrors (0ms)
			InitializePlatformSupportModulesInManaged (2ms)
			SetLoadedEditorAssemblies (4ms)
			BeforeProcessingInitializeOnLoad (102ms)
			ProcessInitializeOnLoadAttributes (270ms)
			ProcessInitializeOnLoadMethodAttributes (27ms)
			AfterProcessingInitializeOnLoad (3ms)
			EditorAssembliesLoaded (0ms)
		ExecutionOrderSort2 (0ms)
		AwakeInstancesAfterBackupRestoration (4ms)
Refreshing native plugins compatible for Editor in 0.29 ms, found 0 plugins.
Preloading 0 native plugins for Editor in 0.00 ms.
Unloading 0 Unused Serialized files (Serialized files now loaded: 0)
Unloading 3470 unused Assets / (0.8 MB). Loaded Objects now: 4108.
Memory consumption went from 91.1 MB to 90.3 MB.
Total: 5.058014 ms (FindLiveObjects: 0.302171 ms CreateObjectMapping: 0.139440 ms MarkObjects: 3.901867 ms  DeleteObjects: 0.713650 ms)

Prepare: number of updated asset objects reloaded= 0
========================================================================
Received Import Request.
  Time since last request: 33.557652 seconds.
  path: Assets/Prefabs/test_station.prefab
  artifactKey: Guid(5a7c67da2bdcd1748b2cf53bbdaa63b2) Importer(815301076,1909f56bfc062723c751e8b465ee728b)
Start importing Assets/Prefabs/test_station.prefab using Guid(5a7c67da2bdcd1748b2cf53bbdaa63b2) Importer(815301076,1909f56bfc062723c751e8b465ee728b) (PreviewImporter) -> (artifact id: '2682f187efa1a44d099f506ace878981') in 0.435332167 seconds
Number of updated asset objects reloaded before import = 0Number of asset objects unloaded after import = 470

========================================================================
Received Prepare
Begin MonoManager ReloadAssembly
- Loaded All Assemblies, in  0.447 seconds
Refreshing native plugins compatible for Editor in 0.25 ms, found 0 plugins.
Native extension for LinuxStandalone target not found
Native extension for WebGL target not found
[Package Manager] Failed to launch server process. Reason: Unity was launched with the -noUpm command-line argument
[Package Manager] Unable to send message (not connected to server process).
[Package Manager] Cannot connect to Unity Package Manager local server
Mono: successfully reloaded assembly
- Finished resetting the current domain, in  0.531 seconds
Domain Reload Profiling: 981ms
	BeginReloadAssembly (128ms)
		ExecutionOrderSort (0ms)
		DisableScriptedObjects (5ms)
		BackupInstance (0ms)
		ReleaseScriptingObjects (0ms)
		CreateAndSetChildDomain (40ms)
	RebuildCommonClasses (32ms)
	RebuildNativeTypeToScriptingClass (8ms)
	initialDomainReloadingComplete (23ms)
	LoadAllAssembliesAndSetupDomain (259ms)
		LoadAssemblies (202ms)
		RebuildTransferFunctionScriptingTraits (0ms)
		AnalyzeDomain (100ms)
			TypeCache.Refresh (5ms)
				TypeCache.ScanAssembly (0ms)
			BuildScriptInfoCaches (87ms)
			ResolveRequiredComponents (5ms)
	FinalizeReload (531ms)
		ReleaseScriptCaches (0ms)
		RebuildScriptCaches (0ms)
		SetupLoadedEditorAssemblies (407ms)
			LogAssemblyErrors (0ms)
			InitializePlatformSupportModulesInManaged (3ms)
			SetLoadedEditorAssemblies (5ms)
			BeforeProcessingInitializeOnLoad (102ms)
			ProcessInitializeOnLoadAttributes (269ms)
			ProcessInitializeOnLoadMethodAttributes (26ms)
			AfterProcessingInitializeOnLoad (3ms)
			EditorAssembliesLoaded (0ms)
		ExecutionOrderSort2 (0ms)
		AwakeInstancesAfterBackupRestoration (4ms)
Refreshing native plugins compatible for Editor in 0.30 ms, found 0 plugins.
Preloading 0 native plugins for Editor in 0.00 ms.
Unloading 0 Unused Serialized files (Serialized files now loaded: 0)
Unloading 3470 unused Assets / (1.0 MB). Loaded Objects now: 4108.
Memory consumption went from 91.3 MB to 90.3 MB.
Total: 5.927056 ms (FindLiveObjects: 0.345845 ms CreateObjectMapping: 0.143726 ms MarkObjects: 4.430147 ms  DeleteObjects: 1.006201 ms)

Prepare: number of updated asset objects reloaded= 0
========================================================================
Received Import Request.
  Time since last request: 86.333299 seconds.
  path: Assets/Prefabs/boxes/stationsignleft.prefab
  artifactKey: Guid(024db43d41c35672b90564f31bf5b0fa) Importer(815301076,1909f56bfc062723c751e8b465ee728b)
Start importing Assets/Prefabs/boxes/stationsignleft.prefab using Guid(024db43d41c35672b90564f31bf5b0fa) Importer(815301076,1909f56bfc062723c751e8b465ee728b) (PreviewImporter) -> (artifact id: '7a388787146789dfcad6941f83ebd0e5') in 0.204377245 seconds
Number of updated asset objects reloaded before import = 0Number of asset objects unloaded after import = 40

========================================================================
Received Import Request.
  Time since last request: 5.017720 seconds.
  path: Assets/Fonts/FetteEgyptienne SDF.asset
  artifactKey: Guid(bc737ba9377135845a9f1b19b5c3478f) Importer(815301076,1909f56bfc062723c751e8b465ee728b)
Start importing Assets/Fonts/FetteEgyptienne SDF.asset using Guid(bc737ba9377135845a9f1b19b5c3478f) Importer(815301076,1909f56bfc062723c751e8b465ee728b) (PreviewImporter) -> (artifact id: '21cdafda6c09b0e2d6545733ffabc112') in 0.127814746 seconds
Number of updated asset objects reloaded before import = 0Number of asset objects unloaded after import = 4

========================================================================
Received Import Request.
  Time since last request: 16.907077 seconds.
  path: Assets/Prefabs/boxes/stationsignright.prefab
  artifactKey: Guid(9320fb20596c8ee39b1f101f8e994fe1) Importer(815301076,1909f56bfc062723c751e8b465ee728b)
Start importing Assets/Prefabs/boxes/stationsignright.prefab using Guid(9320fb20596c8ee39b1f101f8e994fe1) Importer(815301076,1909f56bfc062723c751e8b465ee728b) (PreviewImporter) -> (artifact id: '553097af656f6cde10f2d7983d47d87a') in 0.110416454 seconds
Number of updated asset objects reloaded before import = 0Number of asset objects unloaded after import = 40

========================================================================
Received Import Request.
  Time since last request: 8.964231 seconds.
  path: Assets/Prefabs/boxes/stationsignright.prefab
  artifactKey: Guid(9320fb20596c8ee39b1f101f8e994fe1) Importer(815301076,1909f56bfc062723c751e8b465ee728b)
Start importing Assets/Prefabs/boxes/stationsignright.prefab using Guid(9320fb20596c8ee39b1f101f8e994fe1) Importer(815301076,1909f56bfc062723c751e8b465ee728b) (PreviewImporter) -> (artifact id: '48f078d72e57bd2af42dcb332070d939') in 0.108204939 seconds
Number of updated asset objects reloaded before import = 0Number of asset objects unloaded after import = 40

========================================================================
Received Import Request.
  Time since last request: 105.190251 seconds.
  path: Assets/Fonts/cargo.asset
  artifactKey: Guid(bcfe9125851c45d3ba9ffbebc78aff2c) Importer(815301076,1909f56bfc062723c751e8b465ee728b)
Start importing Assets/Fonts/cargo.asset using Guid(bcfe9125851c45d3ba9ffbebc78aff2c) Importer(815301076,1909f56bfc062723c751e8b465ee728b) (PreviewImporter) -> (artifact id: 'a606daa20cc84a7e1fa49d775088bba7') in 0.117827014 seconds
Number of updated asset objects reloaded before import = 0Number of asset objects unloaded after import = 6

========================================================================
Received Import Request.
  Time since last request: 6.975843 seconds.
  path: Assets/Prefabs/boxes/stationboxes_four.prefab
  artifactKey: Guid(344ca53994db3d3f7b9e2f4184a4f4e0) Importer(815301076,1909f56bfc062723c751e8b465ee728b)
Start importing Assets/Prefabs/boxes/stationboxes_four.prefab using Guid(344ca53994db3d3f7b9e2f4184a4f4e0) Importer(815301076,1909f56bfc062723c751e8b465ee728b) (PreviewImporter) -> (artifact id: '9e2a14b00a63a102ada5aeae34b7ccec') in 0.14056712 seconds
Number of updated asset objects reloaded before import = 0Number of asset objects unloaded after import = 110

========================================================================
Received Import Request.
  Time since last request: 0.000035 seconds.
  path: Assets/Prefabs/boxes/stationboxes_two.prefab
  artifactKey: Guid(8a1499e1b021861cf8d745d306069a4c) Importer(815301076,1909f56bfc062723c751e8b465ee728b)
Start importing Assets/Prefabs/boxes/stationboxes_two.prefab using Guid(8a1499e1b021861cf8d745d306069a4c) Importer(815301076,1909f56bfc062723c751e8b465ee728b) (PreviewImporter) -> (artifact id: '3eb555a62fc41c6248942d2d16139667') in 0.166193987 seconds
Number of updated asset objects reloaded before import = 0Number of asset objects unloaded after import = 72

========================================================================
Received Import Request.
  Time since last request: 0.000029 seconds.
  path: Assets/Prefabs/boxes/stationboxes_three.prefab
  artifactKey: Guid(8607a6ad7cb97c2f78424b032b27dc08) Importer(815301076,1909f56bfc062723c751e8b465ee728b)
Start importing Assets/Prefabs/boxes/stationboxes_three.prefab using Guid(8607a6ad7cb97c2f78424b032b27dc08) Importer(815301076,1909f56bfc062723c751e8b465ee728b) (PreviewImporter) -> (artifact id: 'd8e8c62a0e119f8906e6126e80b43607') in 0.108353788 seconds
Number of updated asset objects reloaded before import = 0Number of asset objects unloaded after import = 91

========================================================================
Received Import Request.
  Time since last request: 6.211960 seconds.
  path: Assets/Prefabs/boxes/stationboxes_four.prefab
  artifactKey: Guid(344ca53994db3d3f7b9e2f4184a4f4e0) Importer(815301076,1909f56bfc062723c751e8b465ee728b)
Start importing Assets/Prefabs/boxes/stationboxes_four.prefab using Guid(344ca53994db3d3f7b9e2f4184a4f4e0) Importer(815301076,1909f56bfc062723c751e8b465ee728b) (PreviewImporter) -> (artifact id: '236ef9e6b76dc12dc0b7e4dd70d03b00') in 0.118137864 seconds
Number of updated asset objects reloaded before import = 0Number of asset objects unloaded after import = 110

========================================================================
Received Import Request.
  Time since last request: 0.000037 seconds.
  path: Assets/Prefabs/boxes/stationboxes_two.prefab
  artifactKey: Guid(8a1499e1b021861cf8d745d306069a4c) Importer(815301076,1909f56bfc062723c751e8b465ee728b)
Start importing Assets/Prefabs/boxes/stationboxes_two.prefab using Guid(8a1499e1b021861cf8d745d306069a4c) Importer(815301076,1909f56bfc062723c751e8b465ee728b) (PreviewImporter) -> (artifact id: 'd2b7031965dea660de960ccbd03b4fb6') in 0.120984089 seconds
Number of updated asset objects reloaded before import = 0Number of asset objects unloaded after import = 72

========================================================================
Received Prepare
Begin MonoManager ReloadAssembly
[Licensing::Client] Successfully resolved entitlement details
- Loaded All Assemblies, in  0.434 seconds
Refreshing native plugins compatible for Editor in 0.18 ms, found 0 plugins.
Native extension for LinuxStandalone target not found
Native extension for WebGL target not found
[Package Manager] Failed to launch server process. Reason: Unity was launched with the -noUpm command-line argument
[Package Manager] Unable to send message (not connected to server process).
[Package Manager] Cannot connect to Unity Package Manager local server
Mono: successfully reloaded assembly
- Finished resetting the current domain, in  0.416 seconds
Domain Reload Profiling: 853ms
	BeginReloadAssembly (126ms)
		ExecutionOrderSort (0ms)
		DisableScriptedObjects (4ms)
		BackupInstance (0ms)
		ReleaseScriptingObjects (0ms)
		CreateAndSetChildDomain (42ms)
	RebuildCommonClasses (30ms)
	RebuildNativeTypeToScriptingClass (8ms)
	initialDomainReloadingComplete (20ms)
	LoadAllAssembliesAndSetupDomain (252ms)
		LoadAssemblies (209ms)
		RebuildTransferFunctionScriptingTraits (0ms)
		AnalyzeDomain (86ms)
			TypeCache.Refresh (5ms)
				TypeCache.ScanAssembly (0ms)
			BuildScriptInfoCaches (75ms)
			ResolveRequiredComponents (4ms)
	FinalizeReload (416ms)
		ReleaseScriptCaches (0ms)
		RebuildScriptCaches (0ms)
		SetupLoadedEditorAssemblies (315ms)
			LogAssemblyErrors (0ms)
			InitializePlatformSupportModulesInManaged (2ms)
			SetLoadedEditorAssemblies (4ms)
			BeforeProcessingInitializeOnLoad (90ms)
			ProcessInitializeOnLoadAttributes (198ms)
			ProcessInitializeOnLoadMethodAttributes (18ms)
			AfterProcessingInitializeOnLoad (2ms)
			EditorAssembliesLoaded (0ms)
		ExecutionOrderSort2 (0ms)
		AwakeInstancesAfterBackupRestoration (3ms)
Refreshing native plugins compatible for Editor in 0.22 ms, found 0 plugins.
Preloading 0 native plugins for Editor in 0.00 ms.
Unloading 0 Unused Serialized files (Serialized files now loaded: 0)
Unloading 3470 unused Assets / (1.0 MB). Loaded Objects now: 4108.
Memory consumption went from 91.3 MB to 90.3 MB.
Total: 5.332329 ms (FindLiveObjects: 0.287435 ms CreateObjectMapping: 0.113364 ms MarkObjects: 4.208535 ms  DeleteObjects: 0.722277 ms)

Prepare: number of updated asset objects reloaded= 0
========================================================================
Received Import Request.
  Time since last request: 39.202252 seconds.
  path: Assets/Prefabs/Arch.prefab
  artifactKey: Guid(1509ad5b28fe0344b83f6629b2a6def6) Importer(815301076,1909f56bfc062723c751e8b465ee728b)
Start importing Assets/Prefabs/Arch.prefab using Guid(1509ad5b28fe0344b83f6629b2a6def6) Importer(815301076,1909f56bfc062723c751e8b465ee728b) (PreviewImporter) -> (artifact id: 'ebc593d0e9f54ee015b331efd2b912b9') in 0.489020217 seconds
Number of updated asset objects reloaded before import = 0Number of asset objects unloaded after import = 311

========================================================================
Received Import Request.
  Time since last request: 0.000138 seconds.
  path: Assets/Prefabs/TIMETABLE.prefab
  artifactKey: Guid(9209a1bd7c951dc9cb9ec729eeaf06ae) Importer(815301076,1909f56bfc062723c751e8b465ee728b)
Start importing Assets/Prefabs/TIMETABLE.prefab using Guid(9209a1bd7c951dc9cb9ec729eeaf06ae) Importer(815301076,1909f56bfc062723c751e8b465ee728b) (PreviewImporter) -> (artifact id: '6b2460c7646bb8eb81c03fc43294bbd1') in 0.41979997 seconds
Number of updated asset objects reloaded before import = 0Number of asset objects unloaded after import = 307

========================================================================
Received Import Request.
  Time since last request: 7.822659 seconds.
  path: Assets/Prefabs/Arch.prefab
  artifactKey: Guid(1509ad5b28fe0344b83f6629b2a6def6) Importer(815301076,1909f56bfc062723c751e8b465ee728b)
Start importing Assets/Prefabs/Arch.prefab using Guid(1509ad5b28fe0344b83f6629b2a6def6) Importer(815301076,1909f56bfc062723c751e8b465ee728b) (PreviewImporter) -> (artifact id: 'f9d39e03d896021e8bc893d09ca0f6e7') in 0.306365781 seconds
Number of updated asset objects reloaded before import = 0Number of asset objects unloaded after import = 311

========================================================================
Received Import Request.
  Time since last request: 15.958897 seconds.
  path: Assets/Prefabs/PassingTrain.prefab
  artifactKey: Guid(ad610d5a93710344f9a8ffec7f572909) Importer(815301076,1909f56bfc062723c751e8b465ee728b)
Start importing Assets/Prefabs/PassingTrain.prefab using Guid(ad610d5a93710344f9a8ffec7f572909) Importer(815301076,1909f56bfc062723c751e8b465ee728b) (PreviewImporter) -> (artifact id: '83244ac47692a25737a1e1134ce89a24') in 0.109340892 seconds
Number of updated asset objects reloaded before import = 0Number of asset objects unloaded after import = 21

========================================================================
Received Import Request.
  Time since last request: 10.263366 seconds.
  path: Assets/Prefabs/PassingTunnel.prefab
  artifactKey: Guid(1f104629ee2fea748a13d294ed0b6142) Importer(815301076,1909f56bfc062723c751e8b465ee728b)
Start importing Assets/Prefabs/PassingTunnel.prefab using Guid(1f104629ee2fea748a13d294ed0b6142) Importer(815301076,1909f56bfc062723c751e8b465ee728b) (PreviewImporter) -> (artifact id: 'c0001bc157263581deaede2a6e4016e2') in 0.231929738 seconds
Number of updated asset objects reloaded before import = 0Number of asset objects unloaded after import = 88

========================================================================
Received Import Request.
  Time since last request: 17.672640 seconds.
  path: Assets/Prefabs/PassingTunnel.prefab
  artifactKey: Guid(1f104629ee2fea748a13d294ed0b6142) Importer(815301076,1909f56bfc062723c751e8b465ee728b)
Start importing Assets/Prefabs/PassingTunnel.prefab using Guid(1f104629ee2fea748a13d294ed0b6142) Importer(815301076,1909f56bfc062723c751e8b465ee728b) (PreviewImporter) -> (artifact id: '28fc1f40870bc97e7848bbecdfd507e5') in 0.212593736 seconds
Number of updated asset objects reloaded before import = 0Number of asset objects unloaded after import = 88

========================================================================
Received Import Request.
  Time since last request: 18.176761 seconds.
  path: Assets/Prefabs/test_station.prefab
  artifactKey: Guid(5a7c67da2bdcd1748b2cf53bbdaa63b2) Importer(815301076,1909f56bfc062723c751e8b465ee728b)
Start importing Assets/Prefabs/test_station.prefab using Guid(5a7c67da2bdcd1748b2cf53bbdaa63b2) Importer(815301076,1909f56bfc062723c751e8b465ee728b) (PreviewImporter) -> (artifact id: '79c939afe559515081c1bf27e6c9831c') in 0.307544411 seconds
Number of updated asset objects reloaded before import = 0Number of asset objects unloaded after import = 470

========================================================================
Received Import Request.
  Time since last request: 15.464134 seconds.
  path: Assets/Prefabs/test_station.prefab
  artifactKey: Guid(5a7c67da2bdcd1748b2cf53bbdaa63b2) Importer(815301076,1909f56bfc062723c751e8b465ee728b)
Start importing Assets/Prefabs/test_station.prefab using Guid(5a7c67da2bdcd1748b2cf53bbdaa63b2) Importer(815301076,1909f56bfc062723c751e8b465ee728b) (PreviewImporter) -> (artifact id: 'c5a083ecfd8583e1a8c09e19cb643ed8') in 0.318320799 seconds
Number of updated asset objects reloaded before import = 0Number of asset objects unloaded after import = 470

========================================================================
Received Import Request.
  Time since last request: 17.366023 seconds.
  path: Assets/Prefabs/clockface.prefab
  artifactKey: Guid(cd04df4127387da4f8dd19fa3f384c09) Importer(815301076,1909f56bfc062723c751e8b465ee728b)
Start importing Assets/Prefabs/clockface.prefab using Guid(cd04df4127387da4f8dd19fa3f384c09) Importer(815301076,1909f56bfc062723c751e8b465ee728b) (PreviewImporter) -> (artifact id: '79b30fd5028525a48fce6938ebb2db0a') in 0.012344969 seconds
Number of updated asset objects reloaded before import = 0Number of asset objects unloaded after import = 53

========================================================================
Received Import Request.
  Time since last request: 0.000017 seconds.
  path: Assets/Prefabs/test_station_start Variant.prefab
  artifactKey: Guid(6a53003c561fded46b2204fbb29ec9a1) Importer(815301076,1909f56bfc062723c751e8b465ee728b)
Start importing Assets/Prefabs/test_station_start Variant.prefab using Guid(6a53003c561fded46b2204fbb29ec9a1) Importer(815301076,1909f56bfc062723c751e8b465ee728b) (PreviewImporter) -> (artifact id: '1d848308c03ccd2037004a18057b971c') in 0.344242603 seconds
Number of updated asset objects reloaded before import = 0Number of asset objects unloaded after import = 580

========================================================================
Received Prepare
Begin MonoManager ReloadAssembly
[Licensing::Client] Successfully resolved entitlement details
- Loaded All Assemblies, in  0.472 seconds
Refreshing native plugins compatible for Editor in 0.25 ms, found 0 plugins.
Native extension for LinuxStandalone target not found
Native extension for WebGL target not found
[Package Manager] Failed to launch server process. Reason: Unity was launched with the -noUpm command-line argument
[Package Manager] Unable to send message (not connected to server process).
[Package Manager] Cannot connect to Unity Package Manager local server
Mono: successfully reloaded assembly
- Finished resetting the current domain, in  0.547 seconds
Domain Reload Profiling: 1021ms
	BeginReloadAssembly (146ms)
		ExecutionOrderSort (0ms)
		DisableScriptedObjects (6ms)
		BackupInstance (0ms)
		ReleaseScriptingObjects (0ms)
		CreateAndSetChildDomain (51ms)
	RebuildCommonClasses (34ms)
	RebuildNativeTypeToScriptingClass (8ms)
	initialDomainReloadingComplete (24ms)
	LoadAllAssembliesAndSetupDomain (262ms)
		LoadAssemblies (206ms)
		RebuildTransferFunctionScriptingTraits (0ms)
		AnalyzeDomain (104ms)
			TypeCache.Refresh (5ms)
				TypeCache.ScanAssembly (0ms)
			BuildScriptInfoCaches (91ms)
			ResolveRequiredComponents (5ms)
	FinalizeReload (547ms)
		ReleaseScriptCaches (0ms)
		RebuildScriptCaches (0ms)
		SetupLoadedEditorAssemblies (420ms)
			LogAssemblyErrors (0ms)
			InitializePlatformSupportModulesInManaged (2ms)
			SetLoadedEditorAssemblies (5ms)
			BeforeProcessingInitializeOnLoad (100ms)
			ProcessInitializeOnLoadAttributes (281ms)
			ProcessInitializeOnLoadMethodAttributes (28ms)
			AfterProcessingInitializeOnLoad (3ms)
			EditorAssembliesLoaded (0ms)
		ExecutionOrderSort2 (0ms)
		AwakeInstancesAfterBackupRestoration (5ms)
Refreshing native plugins compatible for Editor in 0.33 ms, found 0 plugins.
Preloading 0 native plugins for Editor in 0.00 ms.
Unloading 0 Unused Serialized files (Serialized files now loaded: 0)
Unloading 3471 unused Assets / (1.0 MB). Loaded Objects now: 4108.
Memory consumption went from 91.4 MB to 90.3 MB.
Total: 6.296661 ms (FindLiveObjects: 0.372989 ms CreateObjectMapping: 0.172521 ms MarkObjects: 4.789221 ms  DeleteObjects: 0.960507 ms)

Prepare: number of updated asset objects reloaded= 0
========================================================================
Received Import Request.
  Time since last request: 75.126884 seconds.
  path: Assets/Prefabs/boxes/stationboxes_four.prefab
  artifactKey: Guid(344ca53994db3d3f7b9e2f4184a4f4e0) Importer(815301076,1909f56bfc062723c751e8b465ee728b)
Start importing Assets/Prefabs/boxes/stationboxes_four.prefab using Guid(344ca53994db3d3f7b9e2f4184a4f4e0) Importer(815301076,1909f56bfc062723c751e8b465ee728b) (PreviewImporter) -> (artifact id: '5959675843eeada674c3732d148997fd') in 0.200624232 seconds
Number of updated asset objects reloaded before import = 0Number of asset objects unloaded after import = 110

========================================================================
Received Import Request.
  Time since last request: 0.000030 seconds.
  path: Assets/Prefabs/boxes/stationboxes_three.prefab
  artifactKey: Guid(8607a6ad7cb97c2f78424b032b27dc08) Importer(815301076,1909f56bfc062723c751e8b465ee728b)
Start importing Assets/Prefabs/boxes/stationboxes_three.prefab using Guid(8607a6ad7cb97c2f78424b032b27dc08) Importer(815301076,1909f56bfc062723c751e8b465ee728b) (PreviewImporter) -> (artifact id: '5fa0b375e3e276766768a8bf609b47a0') in 0.109421868 seconds
Number of updated asset objects reloaded before import = 0Number of asset objects unloaded after import = 91

========================================================================
Received Prepare
Begin MonoManager ReloadAssembly
[Licensing::Client] Successfully resolved entitlement details
- Loaded All Assemblies, in  0.439 seconds
Refreshing native plugins compatible for Editor in 0.21 ms, found 0 plugins.
Native extension for LinuxStandalone target not found
Native extension for WebGL target not found
[Package Manager] Failed to launch server process. Reason: Unity was launched with the -noUpm command-line argument
[Package Manager] Unable to send message (not connected to server process).
[Package Manager] Cannot connect to Unity Package Manager local server
Mono: successfully reloaded assembly
- Finished resetting the current domain, in  0.397 seconds
Domain Reload Profiling: 840ms
	BeginReloadAssembly (145ms)
		ExecutionOrderSort (0ms)
		DisableScriptedObjects (5ms)
		BackupInstance (0ms)
		ReleaseScriptingObjects (0ms)
		CreateAndSetChildDomain (62ms)
	RebuildCommonClasses (35ms)
	RebuildNativeTypeToScriptingClass (8ms)
	initialDomainReloadingComplete (21ms)
	LoadAllAssembliesAndSetupDomain (232ms)
		LoadAssemblies (185ms)
		RebuildTransferFunctionScriptingTraits (0ms)
		AnalyzeDomain (88ms)
			TypeCache.Refresh (5ms)
				TypeCache.ScanAssembly (0ms)
			BuildScriptInfoCaches (77ms)
			ResolveRequiredComponents (4ms)
	FinalizeReload (398ms)
		ReleaseScriptCaches (0ms)
		RebuildScriptCaches (0ms)
		SetupLoadedEditorAssemblies (296ms)
			LogAssemblyErrors (0ms)
			InitializePlatformSupportModulesInManaged (2ms)
			SetLoadedEditorAssemblies (5ms)
			BeforeProcessingInitializeOnLoad (77ms)
			ProcessInitializeOnLoadAttributes (190ms)
			ProcessInitializeOnLoadMethodAttributes (19ms)
			AfterProcessingInitializeOnLoad (2ms)
			EditorAssembliesLoaded (0ms)
		ExecutionOrderSort2 (0ms)
		AwakeInstancesAfterBackupRestoration (3ms)
Refreshing native plugins compatible for Editor in 0.24 ms, found 0 plugins.
Preloading 0 native plugins for Editor in 0.00 ms.
Unloading 0 Unused Serialized files (Serialized files now loaded: 0)
Unloading 3470 unused Assets / (0.8 MB). Loaded Objects now: 4108.
Memory consumption went from 91.4 MB to 90.6 MB.
Total: 5.228817 ms (FindLiveObjects: 0.294216 ms CreateObjectMapping: 0.130849 ms MarkObjects: 4.052828 ms  DeleteObjects: 0.749894 ms)

Prepare: number of updated asset objects reloaded= 0
========================================================================
Received Import Request.
  Time since last request: 96.301579 seconds.
  path: Assets/Fonts/fartextfont.asset
  artifactKey: Guid(9017a985e6933fde29b6438e0137a921) Importer(815301076,1909f56bfc062723c751e8b465ee728b)
Start importing Assets/Fonts/fartextfont.asset using Guid(9017a985e6933fde29b6438e0137a921) Importer(815301076,1909f56bfc062723c751e8b465ee728b) (PreviewImporter) -> (artifact id: 'b3752d8631325f047dcfe76198cef966') in 0.190188418 seconds
Number of updated asset objects reloaded before import = 0Number of asset objects unloaded after import = 4

