Using pre-set license
Built from '2021.3/staging' branch; Version is '2021.3.21f1 (1b156197d683) revision 1774945'; Using compiler version '192829333'; Build Type 'Release'
OS: 'Windows 11  (10.0.26200) 64bit Core' Language: 'en' Physical Memory: 49080 MB
BatchMode: 1, IsHumanControllingUs: 0, StartBugReporterOnCrash: 0, Is64bit: 1, IsPro: 1

COMMAND LINE ARGUMENTS:
C:\Program Files\Unity\Hub\Editor\2021.3.21f1\Editor\Unity.exe
-adb2
-batchMode
-noUpm
-name
AssetImportWorker2
-projectPath
C:/Users/Owner/Desktop/etiquette/etiquette-main
-logFile
Logs/AssetImportWorker2.log
-srvPort
49503
Successfully changed project path to: C:/Users/Owner/Desktop/etiquette/etiquette-main
C:/Users/Owner/Desktop/etiquette/etiquette-main
[UnityMemory] Configuration Parameters - Can be set up in boot.config
    "memorysetup-bucket-allocator-granularity=16"
    "memorysetup-bucket-allocator-bucket-count=8"
    "memorysetup-bucket-allocator-block-size=33554432"
    "memorysetup-bucket-allocator-block-count=8"
    "memorysetup-main-allocator-block-size=16777216"
    "memorysetup-thread-allocator-block-size=16777216"
    "memorysetup-gfx-main-allocator-block-size=16777216"
    "memorysetup-gfx-thread-allocator-block-size=16777216"
    "memorysetup-cache-allocator-block-size=4194304"
    "memorysetup-typetree-allocator-block-size=2097152"
    "memorysetup-profiler-bucket-allocator-granularity=16"
    "memorysetup-profiler-bucket-allocator-bucket-count=8"
    "memorysetup-profiler-bucket-allocator-block-size=33554432"
    "memorysetup-profiler-bucket-allocator-block-count=8"
    "memorysetup-profiler-allocator-block-size=16777216"
    "memorysetup-profiler-editor-allocator-block-size=1048576"
    "memorysetup-temp-allocator-size-main=16777216"
    "memorysetup-job-temp-allocator-block-size=2097152"
    "memorysetup-job-temp-allocator-block-size-background=1048576"
    "memorysetup-job-temp-allocator-reduction-small-platforms=262144"
    "memorysetup-temp-allocator-size-background-worker=32768"
    "memorysetup-temp-allocator-size-job-worker=262144"
    "memorysetup-temp-allocator-size-preload-manager=33554432"
    "memorysetup-temp-allocator-size-nav-mesh-worker=65536"
    "memorysetup-temp-allocator-size-audio-worker=65536"
    "memorysetup-temp-allocator-size-cloud-worker=32768"
    "memorysetup-temp-allocator-size-gi-baking-worker=262144"
    "memorysetup-temp-allocator-size-gfx=262144"
Player connection [6688] Host "[IP] 192.168.1.8 [Port] 0 [Flags] 2 [Guid] 3425391456 [EditorId] 3425391456 [Version] 1048832 [Id] WindowsEditor(7,FARORE) [Debug] 1 [PackageName] WindowsEditor [ProjectName] Editor" joined multi-casting on [225.0.0.222:54997]...

Player connection [6688] Host "[IP] 192.168.1.8 [Port] 0 [Flags] 2 [Guid] 3425391456 [EditorId] 3425391456 [Version] 1048832 [Id] WindowsEditor(7,FARORE) [Debug] 1 [PackageName] WindowsEditor [ProjectName] Editor" joined alternative multi-casting on [225.0.0.222:34997]...

Refreshing native plugins compatible for Editor in 69.08 ms, found 3 plugins.
Preloading 0 native plugins for Editor in 0.00 ms.
Initialize engine version: 2021.3.21f1 (1b156197d683)
[Subsystems] Discovering subsystems at path C:/Program Files/Unity/Hub/Editor/2021.3.21f1/Editor/Data/Resources/UnitySubsystems
[Subsystems] Discovering subsystems at path C:/Users/Owner/Desktop/etiquette/etiquette-main/Assets
GfxDevice: creating device client; threaded=0; jobified=0
Direct3D:
    Version:  Direct3D 11.0 [level 11.1]
    Renderer: NVIDIA GeForce RTX 3060 (ID=0x2503)
    Vendor:   NVIDIA
    VRAM:     12115 MB
    Driver:   32.0.15.7602
Invalid texture used for cursor - check importer settings or texture creation. Texture must be RGBA32, readable, have alphaIsTransparency enabled and have no mip chain.
Initialize mono
Mono path[0] = 'C:/Program Files/Unity/Hub/Editor/2021.3.21f1/Editor/Data/Managed'
Mono path[1] = 'C:/Program Files/Unity/Hub/Editor/2021.3.21f1/Editor/Data/MonoBleedingEdge/lib/mono/unityjit-win32'
Mono config path = 'C:/Program Files/Unity/Hub/Editor/2021.3.21f1/Editor/Data/MonoBleedingEdge/etc'
Using monoOptions --debugger-agent=transport=dt_socket,embedding=1,server=y,suspend=n,address=127.0.0.1:56240
Begin MonoManager ReloadAssembly
Registering precompiled unity dll's ...
Register platform support module: C:/Program Files/Unity/Hub/Editor/2021.3.21f1/Editor/Data/PlaybackEngines/WebGLSupport/UnityEditor.WebGL.Extensions.dll
Register platform support module: C:/Program Files/Unity/Hub/Editor/2021.3.21f1/Editor/Data/PlaybackEngines/MacStandaloneSupport/UnityEditor.OSXStandalone.Extensions.dll
Register platform support module: C:/Program Files/Unity/Hub/Editor/2021.3.21f1/Editor/Data/PlaybackEngines/AndroidPlayer/UnityEditor.Android.Extensions.dll
Register platform support module: C:/Program Files/Unity/Hub/Editor/2021.3.21f1/Editor/Data/PlaybackEngines/iOSSupport/UnityEditor.iOS.Extensions.dll
Register platform support module: C:/Program Files/Unity/Hub/Editor/2021.3.21f1/Editor/Data/PlaybackEngines/WindowsStandaloneSupport/UnityEditor.WindowsStandalone.Extensions.dll
Registered in 0.011560 seconds.
Native extension for WindowsStandalone target not found
[usbmuxd] Start listen thread
[usbmuxd] Listen thread started
Native extension for iOS target not found
Native extension for Android target not found
Android Extension - Scanning For ADB Devices 3137 ms
Native extension for OSXStandalone target not found
Native extension for WebGL target not found
Refreshing native plugins compatible for Editor in 65.74 ms, found 3 plugins.
Preloading 0 native plugins for Editor in 0.00 ms.
Mono: successfully reloaded assembly
- Completed reload, in  3.956 seconds
Domain Reload Profiling:
	ReloadAssembly (3957ms)
		BeginReloadAssembly (113ms)
			ExecutionOrderSort (0ms)
			DisableScriptedObjects (0ms)
			BackupInstance (0ms)
			ReleaseScriptingObjects (0ms)
			CreateAndSetChildDomain (1ms)
		EndReloadAssembly (3710ms)
			LoadAssemblies (111ms)
			RebuildTransferFunctionScriptingTraits (0ms)
			SetupTypeCache (136ms)
			ReleaseScriptCaches (0ms)
			RebuildScriptCaches (34ms)
			SetupLoadedEditorAssemblies (3480ms)
				LogAssemblyErrors (0ms)
				InitializePlatformSupportModulesInManaged (3260ms)
				SetLoadedEditorAssemblies (0ms)
				RefreshPlugins (66ms)
				BeforeProcessingInitializeOnLoad (2ms)
				ProcessInitializeOnLoadAttributes (101ms)
				ProcessInitializeOnLoadMethodAttributes (51ms)
				AfterProcessingInitializeOnLoad (0ms)
				EditorAssembliesLoaded (0ms)
			ExecutionOrderSort2 (0ms)
			AwakeInstancesAfterBackupRestoration (0ms)
Platform modules already initialized, skipping
Registering precompiled user dll's ...
Registered in 0.006867 seconds.
Begin MonoManager ReloadAssembly
Native extension for WindowsStandalone target not found
Native extension for iOS target not found
Native extension for Android target not found
Native extension for OSXStandalone target not found
Native extension for WebGL target not found
Refreshing native plugins compatible for Editor in 1.38 ms, found 3 plugins.
Preloading 0 native plugins for Editor in 0.00 ms.
Mono: successfully reloaded assembly
- Completed reload, in  1.121 seconds
Domain Reload Profiling:
	ReloadAssembly (1122ms)
		BeginReloadAssembly (144ms)
			ExecutionOrderSort (0ms)
			DisableScriptedObjects (7ms)
			BackupInstance (0ms)
			ReleaseScriptingObjects (0ms)
			CreateAndSetChildDomain (25ms)
		EndReloadAssembly (852ms)
			LoadAssemblies (103ms)
			RebuildTransferFunctionScriptingTraits (0ms)
			SetupTypeCache (231ms)
			ReleaseScriptCaches (1ms)
			RebuildScriptCaches (54ms)
			SetupLoadedEditorAssemblies (410ms)
				LogAssemblyErrors (0ms)
				InitializePlatformSupportModulesInManaged (33ms)
				SetLoadedEditorAssemblies (0ms)
				RefreshPlugins (1ms)
				BeforeProcessingInitializeOnLoad (72ms)
				ProcessInitializeOnLoadAttributes (270ms)
				ProcessInitializeOnLoadMethodAttributes (23ms)
				AfterProcessingInitializeOnLoad (10ms)
				EditorAssembliesLoaded (0ms)
			ExecutionOrderSort2 (0ms)
			AwakeInstancesAfterBackupRestoration (10ms)
Platform modules already initialized, skipping
========================================================================
Worker process is ready to serve import requests
Launched and connected shader compiler UnityShaderCompiler.exe after 0.06 seconds
Refreshing native plugins compatible for Editor in 0.85 ms, found 3 plugins.
Preloading 0 native plugins for Editor in 0.00 ms.
Unloading 3016 Unused Serialized files (Serialized files now loaded: 0)
Unloading 22 unused Assets / (56.7 KB). Loaded Objects now: 3502.
Memory consumption went from 124.1 MB to 124.1 MB.
Total: 3.618200 ms (FindLiveObjects: 0.373100 ms CreateObjectMapping: 0.086500 ms MarkObjects: 3.055800 ms  DeleteObjects: 0.101300 ms)

AssetImportParameters requested are different than current active one (requested -> active):
  custom:video-decoder-ogg-theora: a1e56fd34408186e4bbccfd4996cb3dc -> 
  custom:container-muxer-webm: aa71ff27fc2769a1b78a27578f13a17b -> 
  custom:container-demuxer-webm: 4f35f7cbe854078d1ac9338744f61a02 -> 
  custom:video-encoder-webm-vp8: eb34c28f22e8b96e1ab97ce403110664 -> 
  custom:audio-encoder-webm-vorbis: bf7c407c2cedff20999df2af8eb42d56 -> 
  custom:framework-win-MediaFoundation: 216162199b28c13a410421893ffa2e32 -> 
  custom:container-demuxer-ogg: 62fdf1f143b41e24485cea50d1cbac27 -> 
  custom:video-decoder-webm-vp8: 9c59270c3fd7afecdb556c50c9e8de78 -> 
  custom:audio-decoder-ogg-vorbis: bf7c407c2cedff20999df2af8eb42d56 -> 
========================================================================
Received Import Request.
  Time since last request: 500.469561 seconds.
  path: Assets/Prefabs/test_universal_text_far.prefab
  artifactKey: Guid(07841c89f07908c4581917aecc8c9bbc) Importer(815301076,1909f56bfc062723c751e8b465ee728b)
Start importing Assets/Prefabs/test_universal_text_far.prefab using Guid(07841c89f07908c4581917aecc8c9bbc) Importer(815301076,1909f56bfc062723c751e8b465ee728b)  -> (artifact id: '7cb1b74d70b43f745de71cfed0558dc5') in 0.123809 seconds 
========================================================================
Received Import Request.
  Time since last request: 0.000020 seconds.
  path: Assets/Prefabs/test_universal_text_close2.prefab
  artifactKey: Guid(135ba884840cbd048a0048fd7604011b) Importer(815301076,1909f56bfc062723c751e8b465ee728b)
Start importing Assets/Prefabs/test_universal_text_close2.prefab using Guid(135ba884840cbd048a0048fd7604011b) Importer(815301076,1909f56bfc062723c751e8b465ee728b)  -> (artifact id: 'e2168f3b550e4b0feacf3bb31e12a208') in 0.028221 seconds 
========================================================================
Received Import Request.
  Time since last request: 0.000038 seconds.
  path: Assets/Prefabs/test_universal_text_back.prefab
  artifactKey: Guid(88bfd17626aa60e4db8658263f06a3fe) Importer(815301076,1909f56bfc062723c751e8b465ee728b)
Start importing Assets/Prefabs/test_universal_text_back.prefab using Guid(88bfd17626aa60e4db8658263f06a3fe) Importer(815301076,1909f56bfc062723c751e8b465ee728b)  -> (artifact id: 'a286aa8b2ec40ab163a432f1507ac5be') in 0.023992 seconds 
========================================================================
Received Import Request.
  Time since last request: 0.000018 seconds.
  path: Assets/Prefabs/Arch.prefab
  artifactKey: Guid(1509ad5b28fe0344b83f6629b2a6def6) Importer(815301076,1909f56bfc062723c751e8b465ee728b)
Start importing Assets/Prefabs/Arch.prefab using Guid(1509ad5b28fe0344b83f6629b2a6def6) Importer(815301076,1909f56bfc062723c751e8b465ee728b)  -> (artifact id: 'f7f402f1588a83cfd2933455087c77f9') in 0.204519 seconds 
========================================================================
Received Import Request.
  Time since last request: 0.000035 seconds.
  path: Assets/Prefabs/test_universal_text_middle.prefab
  artifactKey: Guid(38790fbb5cfc42243937e17ab09e127c) Importer(815301076,1909f56bfc062723c751e8b465ee728b)
Start importing Assets/Prefabs/test_universal_text_middle.prefab using Guid(38790fbb5cfc42243937e17ab09e127c) Importer(815301076,1909f56bfc062723c751e8b465ee728b)  -> (artifact id: 'b15dd73a8ce0cbc0d8ae1dba26ae727f') in 0.032000 seconds 
========================================================================
Received Import Request.
  Time since last request: 0.000037 seconds.
  path: Assets/Prefabs/PassingTrain.prefab
  artifactKey: Guid(ad610d5a93710344f9a8ffec7f572909) Importer(815301076,1909f56bfc062723c751e8b465ee728b)
Start importing Assets/Prefabs/PassingTrain.prefab using Guid(ad610d5a93710344f9a8ffec7f572909) Importer(815301076,1909f56bfc062723c751e8b465ee728b)  -> (artifact id: '418a9cdcd95dcd5051dbd206ee61ada9') in 0.064704 seconds 
========================================================================
Received Import Request.
  Time since last request: 0.000033 seconds.
  path: Assets/Prefabs/delay.prefab
  artifactKey: Guid(73dd3a9ab7a79834fb58537a4b285813) Importer(815301076,1909f56bfc062723c751e8b465ee728b)
Start importing Assets/Prefabs/delay.prefab using Guid(73dd3a9ab7a79834fb58537a4b285813) Importer(815301076,1909f56bfc062723c751e8b465ee728b)  -> (artifact id: 'bc29d71375a1ff217af48332bb8996b4') in 0.040006 seconds 
========================================================================
Received Import Request.
  Time since last request: 0.000026 seconds.
  path: Assets/Prefabs/test_text_side_parent.prefab
  artifactKey: Guid(252386897cd216f49ba766347fb18534) Importer(815301076,1909f56bfc062723c751e8b465ee728b)
Start importing Assets/Prefabs/test_text_side_parent.prefab using Guid(252386897cd216f49ba766347fb18534) Importer(815301076,1909f56bfc062723c751e8b465ee728b)  -> (artifact id: 'bab8480f3ff2a4ed15761fe92c728840') in 0.031781 seconds 
========================================================================
Received Import Request.
  Time since last request: 0.000027 seconds.
  path: Assets/Prefabs/clockface.prefab
  artifactKey: Guid(cd04df4127387da4f8dd19fa3f384c09) Importer(815301076,1909f56bfc062723c751e8b465ee728b)
Start importing Assets/Prefabs/clockface.prefab using Guid(cd04df4127387da4f8dd19fa3f384c09) Importer(815301076,1909f56bfc062723c751e8b465ee728b)  -> (artifact id: '91922e9ada888c8527a8b6f6c384fd45') in 0.046806 seconds 
========================================================================
Received Import Request.
  Time since last request: 0.000033 seconds.
  path: Assets/Prefabs/test_universal_text_track.prefab
  artifactKey: Guid(bb2bc663cef00ad4cbd1dd1220f2a09f) Importer(815301076,1909f56bfc062723c751e8b465ee728b)
Start importing Assets/Prefabs/test_universal_text_track.prefab using Guid(bb2bc663cef00ad4cbd1dd1220f2a09f) Importer(815301076,1909f56bfc062723c751e8b465ee728b)  -> (artifact id: '4b4c8ecc50280081cb24953b6b11116c') in 0.033230 seconds 
========================================================================
Received Import Request.
  Time since last request: 0.000030 seconds.
  path: Assets/Prefabs/test_station.prefab
  artifactKey: Guid(5a7c67da2bdcd1748b2cf53bbdaa63b2) Importer(815301076,1909f56bfc062723c751e8b465ee728b)
Start importing Assets/Prefabs/test_station.prefab using Guid(5a7c67da2bdcd1748b2cf53bbdaa63b2) Importer(815301076,1909f56bfc062723c751e8b465ee728b)  -> (artifact id: '13d0a882f5995062de43f318bcaef382') in 0.107857 seconds 
========================================================================
Received Import Request.
  Time since last request: 0.000044 seconds.
  path: Assets/Prefabs/test_station_start Variant.prefab
  artifactKey: Guid(6a53003c561fded46b2204fbb29ec9a1) Importer(815301076,1909f56bfc062723c751e8b465ee728b)
Start importing Assets/Prefabs/test_station_start Variant.prefab using Guid(6a53003c561fded46b2204fbb29ec9a1) Importer(815301076,1909f56bfc062723c751e8b465ee728b)  -> (artifact id: '2181fb3c7c4d43ba0d243ded5da0b68b') in 0.067380 seconds 
========================================================================
Received Import Request.
  Time since last request: 0.000024 seconds.
  path: Assets/Prefabs/test_universal_text_close1.prefab
  artifactKey: Guid(80b61acb2d2f785469f61c846ac4acf3) Importer(815301076,1909f56bfc062723c751e8b465ee728b)
Start importing Assets/Prefabs/test_universal_text_close1.prefab using Guid(80b61acb2d2f785469f61c846ac4acf3) Importer(815301076,1909f56bfc062723c751e8b465ee728b)  -> (artifact id: '51feebe0d30830f30bf3cf512634b5dc') in 0.021943 seconds 
========================================================================
Received Import Request.
  Time since last request: 0.000026 seconds.
  path: Assets/Prefabs/test_universal_text_moving 1.prefab
  artifactKey: Guid(8b0fe6a4e22f4aa43827b0a5d7ac0135) Importer(815301076,1909f56bfc062723c751e8b465ee728b)
Start importing Assets/Prefabs/test_universal_text_moving 1.prefab using Guid(8b0fe6a4e22f4aa43827b0a5d7ac0135) Importer(815301076,1909f56bfc062723c751e8b465ee728b)  -> (artifact id: '5810dbfea7e31fe6f7fa5c8d322688a3') in 0.040210 seconds 
========================================================================
Received Import Request.
  Time since last request: 0.000019 seconds.
  path: Assets/Prefabs/PassingTunnel.prefab
  artifactKey: Guid(1f104629ee2fea748a13d294ed0b6142) Importer(815301076,1909f56bfc062723c751e8b465ee728b)
Start importing Assets/Prefabs/PassingTunnel.prefab using Guid(1f104629ee2fea748a13d294ed0b6142) Importer(815301076,1909f56bfc062723c751e8b465ee728b)  -> (artifact id: 'cb3aca8f4a662c88f3bf3dc9779b85aa') in 0.055725 seconds 
========================================================================
Received Import Request.
  Time since last request: 0.000045 seconds.
  path: Assets/Prefabs/test_universal_text.prefab
  artifactKey: Guid(873c2936ae846154e80c1b10586184ab) Importer(815301076,1909f56bfc062723c751e8b465ee728b)
Start importing Assets/Prefabs/test_universal_text.prefab using Guid(873c2936ae846154e80c1b10586184ab) Importer(815301076,1909f56bfc062723c751e8b465ee728b)  -> (artifact id: '939aae0e7c778c4bb6e782adab5882ca') in 0.039987 seconds 
Editor requested this worker to shutdown with reason: Scaling down because of idle timeout
AssetImportWorker is now disconnected from the server
Process exiting
Exiting without the bug reporter. Application will terminate with return code 0