Base path: '/home/rob/programs/Unity/Hub/Editor/6000.2.5f1/Editor/Data', plugins path '/home/rob/programs/Unity/Hub/Editor/6000.2.5f1/Editor/Data/PlaybackEngines'
Cmd: initializeCompiler

Cmd: compileSnippet
  insize=5736 file=Assets/flockaroo/OilPainting/Resources/flockaroo_OilPainting/Image.shader name=Hidden/ImageShader pass=<Unnamed Pass 0> ppOnly=0 stripLineD=0 buildPlatform=24 rsLen=0 pKW=UNITY_ENABLE_REFLECTION_BUFFERS UNITY_USE_DITHER_MASK_FOR_ALPHABLENDED_SHADOWS UNITY_PBS_USE_BRDF1 UNITY_SPECCUBE_BOX_PROJECTION UNITY_SPECCUBE_BLENDING UNITY_ENABLE_DETAIL_NORMALMAP SHADER_API_DESKTOP UNITY_LIGHT_PROBE_PROXY_VOLUME UNITY_LIGHTMAP_FULL_HDR UNITY_PLATFORM_SUPPORTS_DEPTH_FETCH uKW= dKW=UNITY_NO_DXT5nm UNITY_FRAMEBUFFER_FETCH_AVAILABLE UNITY_METAL_SHADOWS_USE_POINT_FILTERING UNITY_NO_SCREENSPACE_SHADOWS UNITY_PBS_USE_BRDF2 UNITY_PBS_USE_BRDF3 UNITY_HARDWARE_TIER1 UNITY_HARDWARE_TIER2 UNITY_HARDWARE_TIER3 UNITY_COLORSPACE_GAMMA UNITY_LIGHTMAP_DLDR_ENCODING UNITY_LIGHTMAP_RGBM_ENCODING UNITY_VIRTUAL_TEXTURING UNITY_PRETRANSFORM_TO_DISPLAY_ORIENTATION UNITY_ASTC_NORMALMAP_ENCODING SHADER_API_GLES30 SHADER_API_GLES31 SHADER_API_GLES32 UNITY_UNIFIED_SHADER_PRECISION_MODEL flags=0 lang=0 type=Vertex platform=glcore reqs=33 mask=2 start=27  error: 1 plat 15 at Assets/flockaroo/OilPainting/Resources/flockaroo_OilPainting/Image.shader(96): integer divides may be much slower, try using uints if possible.
 ok=1 outsize=4919


Cmd: compileSnippet
  insize=6103 file=Assets/flockaroo/Sketchy/Resources/flockaroo_Sketchy/ImageHDRP.shader name=Hidden/ImageShader pass=<Unnamed Pass 0> ppOnly=0 stripLineD=0 buildPlatform=24 rsLen=0 pKW=UNITY_ENABLE_REFLECTION_BUFFERS UNITY_USE_DITHER_MASK_FOR_ALPHABLENDED_SHADOWS UNITY_PBS_USE_BRDF1 UNITY_SPECCUBE_BOX_PROJECTION UNITY_SPECCUBE_BLENDING UNITY_ENABLE_DETAIL_NORMALMAP SHADER_API_DESKTOP UNITY_LIGHT_PROBE_PROXY_VOLUME UNITY_LIGHTMAP_FULL_HDR UNITY_PLATFORM_SUPPORTS_DEPTH_FETCH uKW= dKW=UNITY_NO_DXT5nm UNITY_FRAMEBUFFER_FETCH_AVAILABLE UNITY_METAL_SHADOWS_USE_POINT_FILTERING UNITY_NO_SCREENSPACE_SHADOWS UNITY_PBS_USE_BRDF2 UNITY_PBS_USE_BRDF3 UNITY_HARDWARE_TIER1 UNITY_HARDWARE_TIER2 UNITY_HARDWARE_TIER3 UNITY_COLORSPACE_GAMMA UNITY_LIGHTMAP_DLDR_ENCODING UNITY_LIGHTMAP_RGBM_ENCODING UNITY_VIRTUAL_TEXTURING UNITY_PRETRANSFORM_TO_DISPLAY_ORIENTATION UNITY_ASTC_NORMALMAP_ENCODING SHADER_API_GLES30 SHADER_API_GLES31 SHADER_API_GLES32 UNITY_UNIFIED_SHADER_PRECISION_MODEL flags=0 lang=0 type=Vertex platform=glcore reqs=33 mask=2 start=27  error: 1 plat 15 at Assets/flockaroo/Sketchy/Resources/flockaroo_Sketchy/ImageHDRP.shader(102): integer divides may be much slower, try using uints if possible.
 ok=1 outsize=6364


Cmd: compileSnippet
  insize=2021 file=Assets/flockaroo/VanGogh/Resources/flockaroo_VanGogh/GammaCorrectShader.shader name=Hidden/GammaCorrectShader pass=<Unnamed Pass 0> ppOnly=0 stripLineD=0 buildPlatform=24 rsLen=0 pKW=UNITY_ENABLE_REFLECTION_BUFFERS UNITY_USE_DITHER_MASK_FOR_ALPHABLENDED_SHADOWS UNITY_PBS_USE_BRDF1 UNITY_SPECCUBE_BOX_PROJECTION UNITY_SPECCUBE_BLENDING UNITY_ENABLE_DETAIL_NORMALMAP SHADER_API_DESKTOP UNITY_LIGHT_PROBE_PROXY_VOLUME UNITY_LIGHTMAP_FULL_HDR UNITY_PLATFORM_SUPPORTS_DEPTH_FETCH uKW= dKW=FOG_LINEAR FOG_EXP FOG_EXP2 UNITY_NO_DXT5nm UNITY_FRAMEBUFFER_FETCH_AVAILABLE UNITY_METAL_SHADOWS_USE_POINT_FILTERING UNITY_NO_SCREENSPACE_SHADOWS UNITY_PBS_USE_BRDF2 UNITY_PBS_USE_BRDF3 UNITY_HARDWARE_TIER1 UNITY_HARDWARE_TIER2 UNITY_HARDWARE_TIER3 UNITY_COLORSPACE_GAMMA UNITY_LIGHTMAP_DLDR_ENCODING UNITY_LIGHTMAP_RGBM_ENCODING UNITY_VIRTUAL_TEXTURING UNITY_PRETRANSFORM_TO_DISPLAY_ORIENTATION UNITY_ASTC_NORMALMAP_ENCODING SHADER_API_GLES30 SHADER_API_GLES31 SHADER_API_GLES32 UNITY_UNIFIED_SHADER_PRECISION_MODEL flags=0 lang=0 type=Vertex platform=glcore reqs=33 mask=2 start=14 ok=1 outsize=2560


Cmd: compileSnippet
  insize=5736 file=Assets/flockaroo/Aquarelle/Resources/flockaroo_Aquarelle/Geom_A.shader name=Hidden/Geom_AShader pass=<Unnamed Pass 0> ppOnly=0 stripLineD=0 buildPlatform=24 rsLen=0 pKW=UNITY_ENABLE_REFLECTION_BUFFERS UNITY_USE_DITHER_MASK_FOR_ALPHABLENDED_SHADOWS UNITY_PBS_USE_BRDF1 UNITY_SPECCUBE_BOX_PROJECTION UNITY_SPECCUBE_BLENDING UNITY_ENABLE_DETAIL_NORMALMAP SHADER_API_DESKTOP UNITY_LIGHT_PROBE_PROXY_VOLUME UNITY_LIGHTMAP_FULL_HDR UNITY_PLATFORM_SUPPORTS_DEPTH_FETCH uKW= dKW=UNITY_NO_DXT5nm UNITY_FRAMEBUFFER_FETCH_AVAILABLE UNITY_METAL_SHADOWS_USE_POINT_FILTERING UNITY_NO_SCREENSPACE_SHADOWS UNITY_PBS_USE_BRDF2 UNITY_PBS_USE_BRDF3 UNITY_HARDWARE_TIER1 UNITY_HARDWARE_TIER2 UNITY_HARDWARE_TIER3 UNITY_COLORSPACE_GAMMA UNITY_LIGHTMAP_DLDR_ENCODING UNITY_LIGHTMAP_RGBM_ENCODING UNITY_VIRTUAL_TEXTURING UNITY_PRETRANSFORM_TO_DISPLAY_ORIENTATION UNITY_ASTC_NORMALMAP_ENCODING SHADER_API_GLES30 SHADER_API_GLES31 SHADER_API_GLES32 UNITY_UNIFIED_SHADER_PRECISION_MODEL flags=0 lang=0 type=Vertex platform=glcore reqs=33 mask=2 start=29  error: 1 plat 15 at Assets/flockaroo/Aquarelle/Resources/flockaroo_Aquarelle/Geom_A.cginc(33): integer divides may be much slower, try using uints if possible.
  error: 1 plat 15 at Assets/flockaroo/Aquarelle/Resources/flockaroo_Aquarelle/Geom_A.cginc(33): integer modulus may be much slower, try using uints if possible.
  error: 1 plat 15 at Assets/flockaroo/Aquarelle/Resources/flockaroo_Aquarelle/Geom_A.cginc(42): integer divides may be much slower, try using uints if possible.
  error: 1 plat 15 at Assets/flockaroo/Aquarelle/Resources/flockaroo_Aquarelle/Geom_A.cginc(42): integer modulus may be much slower, try using uints if possible.
  error: 1 plat 15 at Assets/flockaroo/Aquarelle/Resources/flockaroo_Aquarelle/Geom_A.cginc(64): integer modulus may be much slower, try using uints if possible.
  error: 1 plat 15 at Assets/flockaroo/Aquarelle/Resources/flockaroo_Aquarelle/Geom_A.cginc(73): integer divides may be much slower, try using uints if possible.
  error: 1 plat 15 at Assets/flockaroo/Aquarelle/Resources/flockaroo_Aquarelle/Geom_A.cginc(74): integer divides may be much slower, try using uints if possible.
  error: 1 plat 15 at Assets/flockaroo/Aquarelle/Resources/flockaroo_Aquarelle/Geom_A.cginc(74): integer modulus may be much slower, try using uints if possible.
  error: 1 plat 15 at Assets/flockaroo/Aquarelle/Resources/flockaroo_Aquarelle/Geom_A.cginc(75): integer modulus may be much slower, try using uints if possible.
  error: 1 plat 15 at Assets/flockaroo/Aquarelle/Resources/flockaroo_Aquarelle/Geom_A.cginc(101): 'i': loop control variable conflicts with a previous declaration in the outer scope; most recent declaration will be used
  error: 1 plat 15 at Assets/flockaroo/Aquarelle/Resources/flockaroo_Aquarelle/Geom_A.cginc(134): integer modulus may be much slower, try using uints if possible.
  error: 1 plat 15 at Assets/flockaroo/Aquarelle/Resources/flockaroo_Aquarelle/Geom_A.cginc(135): integer modulus may be much slower, try using uints if possible.
  error: 1 plat 15 at Assets/flockaroo/Aquarelle/Resources/flockaroo_Aquarelle/Geom_A.cginc(136): integer modulus may be much slower, try using uints if possible.
  error: 1 plat 15 at Assets/flockaroo/Aquarelle/Resources/flockaroo_Aquarelle/Geom_A.shader(77): Output value 'vert' is not completely initialized
 ok=1 outsize=11717

Cmd: shutdown
